<?xml version="1.0" encoding="UTF-8"?>
<!-- Generated by org.testng.reporters.JUnitXMLReporter -->
<testsuite hostname="DESKTOP-9K58VOG" ignored="0" name="ActivityTest" tests="6" failures="0" timestamp="22 五月 2018 13:29:37 GMT" time="72.584" errors="0">
  <testcase name="activityTest" time="11.086" classname="TestCase.ActivityTest.Activity"/>
  <testcase name="appreciateTest" time="4.948" classname="TestCase.ActivityTest.Appreciate"/>
  <testcase name="lectureTest" time="3.793" classname="TestCase.ActivityTest.Lecture"/>
  <testcase name="otherTest" time="4.897" classname="TestCase.ActivityTest.Other"/>
  <testcase name="readTest" time="5.148" classname="TestCase.ActivityTest.Read"/>
  <testcase name="salonTest" time="3.889" classname="TestCase.ActivityTest.Salon"/>
</testsuite> <!-- ActivityTest -->
