<?xml version="1.0" encoding="UTF-8"?>
<!-- Generated by org.testng.reporters.JUnitXMLReporter -->
<testsuite hostname="DESKTOP-9K58VOG" ignored="44" tests="0" failures="0" timestamp="22 五月 2018 11:18:35 GMT" time="0.007" errors="0">
  <testcase name="loginTest" time="0.0" classname="TestCase.AccountRelatedTest.Login">
    <ignored/>
  </testcase> <!-- loginTest -->
  <testcase name="salonTest" time="0.0" classname="TestCase.ActivityTest.Salon">
    <ignored/>
  </testcase> <!-- salonTest -->
  <testcase name="startPointTest" time="0.0" classname="TestCase.LearningCenterTest.StartPoint">
    <ignored/>
  </testcase> <!-- startPointTest -->
  <testcase name="appreciateTest" time="0.0" classname="TestCase.ActivityTest.Appreciate">
    <ignored/>
  </testcase> <!-- appreciateTest -->
  <testcase name="documentDeliveryTest" time="0.0" classname="TestCase.ServiceTest.DocumentDelivery">
    <ignored/>
  </testcase> <!-- documentDeliveryTest -->
  <testcase name="realTimeInfoTest" time="0.0" classname="TestCase.InfoTest.RealTimeInfo">
    <ignored/>
  </testcase> <!-- realTimeInfoTest -->
  <testcase name="chinesePeriodicalNewspaperTest" time="0.0" classname="TestCase.ResourceTest.ChinesePeriodicalNewspaper">
    <ignored/>
  </testcase> <!-- chinesePeriodicalNewspaperTest -->
  <testcase name="offcampusAccessTest" time="0.0" classname="TestCase.ResourceTest.OffcampusAccess">
    <ignored/>
  </testcase> <!-- offcampusAccessTest -->
  <testcase name="moocTest" time="0.0" classname="TestCase.LearningCenterTest.Mooc">
    <ignored/>
  </testcase> <!-- moocTest -->
  <testcase name="chineseIndexOrLiteratureTest" time="0.0" classname="TestCase.ResourceTest.ChineseIndexOrLiterature">
    <ignored/>
  </testcase> <!-- chineseIndexOrLiteratureTest -->
  <testcase name="subjectServiceTest" time="0.0" classname="TestCase.ServiceTest.SubjectService">
    <ignored/>
  </testcase> <!-- subjectServiceTest -->
  <testcase name="readTest" time="0.0" classname="TestCase.ActivityTest.Read">
    <ignored/>
  </testcase> <!-- readTest -->
  <testcase name="activityTest" time="0.0" classname="TestCase.ActivityTest.Activity">
    <ignored/>
  </testcase> <!-- activityTest -->
  <testcase name="creditTest" time="0.0" classname="TestCase.LearningCenterTest.Credit">
    <ignored/>
  </testcase> <!-- creditTest -->
  <testcase name="publicAwarenessTest" time="0.0" classname="TestCase.LearningCenterTest.PublicAwareness">
    <ignored/>
  </testcase> <!-- publicAwarenessTest -->
  <testcase name="dissertationsAndThesesTest" time="0.0" classname="TestCase.ResourceTest.DissertationsAndTheses">
    <ignored/>
  </testcase> <!-- dissertationsAndThesesTest -->
  <testcase name="eddieCorsonMediaTest" time="0.0" classname="TestCase.LearningCenterTest.EddieCorsonMedia">
    <ignored/>
  </testcase> <!-- eddieCorsonMediaTest -->
  <testcase name="patentServicekTest" time="0.0" classname="TestCase.ServiceTest.PatentService">
    <ignored/>
  </testcase> <!-- patentServicekTest -->
  <testcase name="eddieCorsonReportingHallTest" time="0.0" classname="TestCase.LearningCenterTest.EddieCorsonReportingHall">
    <ignored/>
  </testcase> <!-- eddieCorsonReportingHallTest -->
  <testcase name="resourceDynamicsTest" time="0.0" classname="TestCase.InfoTest.ResourceDynamics">
    <ignored/>
  </testcase> <!-- resourceDynamicsTest -->
  <testcase name="noveltySearchTest" time="0.0" classname="TestCase.ServiceTest.NoveltySearch">
    <ignored/>
  </testcase> <!-- noveltySearchTest -->
  <testcase name="accountInfoTest" time="0.0" classname="TestCase.AccountRelatedTest.AccountInfo">
    <ignored/>
  </testcase> <!-- accountInfoTest -->
  <testcase name="readerServiceTest" time="0.0" classname="TestCase.ServiceTest.ReaderService">
    <ignored/>
  </testcase> <!-- readerServiceTest -->
  <testcase name="otherTest" time="0.0" classname="TestCase.ActivityTest.Other">
    <ignored/>
  </testcase> <!-- otherTest -->
  <testcase name="checkAndCheckTest" time="0.0" classname="TestCase.ServiceTest.CheckAndCheck">
    <ignored/>
  </testcase> <!-- checkAndCheckTest -->
  <testcase name="chineseYearbookTest" time="0.0" classname="TestCase.ResourceTest.ChineseYearbook">
    <ignored/>
  </testcase> <!-- chineseYearbookTest -->
  <testcase name="globalOpenCurriculumResourcesTest" time="0.0" classname="TestCase.ResourceTest.GlobalOpenCurriculumResources">
    <ignored/>
  </testcase> <!-- globalOpenCurriculumResourcesTest -->
  <testcase name="learningCenterOLTest" time="0.0" classname="TestCase.LearningCenterTest.LearningCenterOL">
    <ignored/>
  </testcase> <!-- learningCenterOLTest -->
  <testcase name="newArrivalsTest" time="0.0" classname="TestCase.RecommendationTest.NewArrivals">
    <ignored/>
  </testcase> <!-- newArrivalsTest -->
  <testcase name="electronicBooksTest" time="0.0" classname="TestCase.ResourceTest.ElectronicBooks">
    <ignored/>
  </testcase> <!-- electronicBooksTest -->
  <testcase name="chinesePatentAndStandardTest" time="0.0" classname="TestCase.ResourceTest.ChinesePatentAndStandard">
    <ignored/>
  </testcase> <!-- chinesePatentAndStandardTest -->
  <testcase name="foreignElectronicPeriodicalsTest" time="0.0" classname="TestCase.ResourceTest.ForeignElectronicPeriodicals">
    <ignored/>
  </testcase> <!-- foreignElectronicPeriodicalsTest -->
  <testcase name="informationServiceTest" time="0.0" classname="TestCase.ServiceTest.InformationService">
    <ignored/>
  </testcase> <!-- informationServiceTest -->
  <testcase name="questionAnswerTest" time="0.0" classname="TestCase.ServiceTest.QuestionAnswer">
    <ignored/>
  </testcase> <!-- questionAnswerTest -->
  <testcase name="themeRecommendationTest" time="0.0" classname="TestCase.RecommendationTest.ThemeRecommendation">
    <ignored/>
  </testcase> <!-- themeRecommendationTest -->
  <testcase name="freeResourcesTest" time="0.0" classname="TestCase.ResourceTest.FreeResources">
    <ignored/>
  </testcase> <!-- freeResourcesTest -->
  <testcase name="multimediaLearningLibraryTest" time="0.0" classname="TestCase.ResourceTest.MultimediaLearningLibrary">
    <ignored/>
  </testcase> <!-- multimediaLearningLibraryTest -->
  <testcase name="chineseNumericValueOrFactTest" time="0.0" classname="TestCase.ResourceTest.ChineseNumericValueOrFact">
    <ignored/>
  </testcase> <!-- chineseNumericValueOrFactTest -->
  <testcase name="lectureTest" time="0.0" classname="TestCase.ActivityTest.Lecture">
    <ignored/>
  </testcase> <!-- lectureTest -->
  <testcase name="multimediaAccountingVideoTest" time="0.0" classname="TestCase.LearningCenterTest.MultimediaAccountingVideo">
    <ignored/>
  </testcase> <!-- multimediaAccountingVideoTest -->
  <testcase name="characteristicResourcesTest" time="0.0" classname="TestCase.ResourceTest.CharacteristicResources">
    <ignored/>
  </testcase> <!-- characteristicResourcesTest -->
  <testcase name="reservationServiceTest" time="0.0" classname="TestCase.ServiceTest.ReservationService">
    <ignored/>
  </testcase> <!-- reservationServiceTest -->
  <testcase name="noticeTest" time="0.0" classname="TestCase.InfoTest.Notice">
    <ignored/>
  </testcase> <!-- noticeTest -->
  <testcase name="teachingAndTrainingTest" time="0.0" classname="TestCase.ServiceTest.TeachingAndTraining">
    <ignored/>
  </testcase> <!-- teachingAndTrainingTest -->
</testsuite>
