<?xml version="1.0" encoding="UTF-8"?>
<testng-results skipped="0" failed="6" ignored="0" total="44" passed="38">
  <reporter-output>
  </reporter-output>
  <suite name="AutomatedTestingFrameworkOfLibrary" duration-ms="561388" started-at="2018-05-22T09:30:26Z" finished-at="2018-05-22T09:39:48Z">
    <groups>
    </groups>
    <test name="AccountRelatedTest" duration-ms="50700" started-at="2018-05-22T09:30:26Z" finished-at="2018-05-22T09:31:17Z">
      <class name="TestCase.AccountRelatedTest.AccountInfo">
        <test-method status="PASS" signature="beforeClass()[pri:0, instance:TestCase.AccountRelatedTest.AccountInfo@27f674d]" name="beforeClass" is-config="true" duration-ms="12069" started-at="2018-05-22T09:30:26Z" finished-at="2018-05-22T09:30:38Z">
          <reporter-output>
          </reporter-output>
        </test-method> <!-- beforeClass -->
        <test-method status="PASS" signature="accountInfoTest()[pri:0, instance:TestCase.AccountRelatedTest.AccountInfo@27f674d]" name="accountInfoTest" duration-ms="23146" started-at="2018-05-22T09:30:38Z" finished-at="2018-05-22T09:31:01Z">
          <reporter-output>
          </reporter-output>
        </test-method> <!-- accountInfoTest -->
        <test-method status="PASS" signature="afterClass()[pri:0, instance:TestCase.AccountRelatedTest.AccountInfo@27f674d]" name="afterClass" is-config="true" duration-ms="781" started-at="2018-05-22T09:31:01Z" finished-at="2018-05-22T09:31:02Z">
          <reporter-output>
          </reporter-output>
        </test-method> <!-- afterClass -->
      </class> <!-- TestCase.AccountRelatedTest.AccountInfo -->
      <class name="TestCase.AccountRelatedTest.Login">
        <test-method status="PASS" signature="beforeClass()[pri:0, instance:TestCase.AccountRelatedTest.Login@1d251891]" name="beforeClass" is-config="true" duration-ms="6025" started-at="2018-05-22T09:31:02Z" finished-at="2018-05-22T09:31:08Z">
          <reporter-output>
          </reporter-output>
        </test-method> <!-- beforeClass -->
        <test-method status="PASS" signature="loginTest()[pri:0, instance:TestCase.AccountRelatedTest.Login@1d251891]" name="loginTest" duration-ms="7939" started-at="2018-05-22T09:31:08Z" finished-at="2018-05-22T09:31:16Z">
          <reporter-output>
          </reporter-output>
        </test-method> <!-- loginTest -->
        <test-method status="PASS" signature="afterClass()[pri:0, instance:TestCase.AccountRelatedTest.Login@1d251891]" name="afterClass" is-config="true" duration-ms="735" started-at="2018-05-22T09:31:16Z" finished-at="2018-05-22T09:31:17Z">
          <reporter-output>
          </reporter-output>
        </test-method> <!-- afterClass -->
      </class> <!-- TestCase.AccountRelatedTest.Login -->
    </test> <!-- AccountRelatedTest -->
    <test name="ActivityTest" duration-ms="96056" started-at="2018-05-22T09:31:17Z" finished-at="2018-05-22T09:32:53Z">
      <class name="TestCase.ActivityTest.Appreciate">
        <test-method status="PASS" signature="beforeClass()[pri:0, instance:TestCase.ActivityTest.Appreciate@edf4efb]" name="beforeClass" is-config="true" duration-ms="5127" started-at="2018-05-22T09:31:28Z" finished-at="2018-05-22T09:31:33Z">
          <reporter-output>
          </reporter-output>
        </test-method> <!-- beforeClass -->
        <test-method status="PASS" signature="appreciateTest()[pri:0, instance:TestCase.ActivityTest.Appreciate@edf4efb]" name="appreciateTest" duration-ms="4005" started-at="2018-05-22T09:31:33Z" finished-at="2018-05-22T09:31:37Z">
          <reporter-output>
          </reporter-output>
        </test-method> <!-- appreciateTest -->
        <test-method status="PASS" signature="afterClass()[pri:0, instance:TestCase.ActivityTest.Appreciate@edf4efb]" name="afterClass" is-config="true" duration-ms="776" started-at="2018-05-22T09:31:37Z" finished-at="2018-05-22T09:31:38Z">
          <reporter-output>
          </reporter-output>
        </test-method> <!-- afterClass -->
      </class> <!-- TestCase.ActivityTest.Appreciate -->
      <class name="TestCase.ActivityTest.Read">
        <test-method status="PASS" signature="beforeClass()[pri:0, instance:TestCase.ActivityTest.Read@6108b2d7]" name="beforeClass" is-config="true" duration-ms="7544" started-at="2018-05-22T09:32:06Z" finished-at="2018-05-22T09:32:14Z">
          <reporter-output>
          </reporter-output>
        </test-method> <!-- beforeClass -->
        <test-method status="PASS" signature="readTest()[pri:0, instance:TestCase.ActivityTest.Read@6108b2d7]" name="readTest" duration-ms="4588" started-at="2018-05-22T09:32:14Z" finished-at="2018-05-22T09:32:18Z">
          <reporter-output>
          </reporter-output>
        </test-method> <!-- readTest -->
        <test-method status="PASS" signature="afterClass()[pri:0, instance:TestCase.ActivityTest.Read@6108b2d7]" name="afterClass" is-config="true" duration-ms="759" started-at="2018-05-22T09:32:18Z" finished-at="2018-05-22T09:32:19Z">
          <reporter-output>
          </reporter-output>
        </test-method> <!-- afterClass -->
      </class> <!-- TestCase.ActivityTest.Read -->
      <class name="TestCase.ActivityTest.Other">
        <test-method status="PASS" signature="beforeClass()[pri:0, instance:TestCase.ActivityTest.Other@566776ad]" name="beforeClass" is-config="true" duration-ms="4681" started-at="2018-05-22T09:31:52Z" finished-at="2018-05-22T09:31:57Z">
          <reporter-output>
          </reporter-output>
        </test-method> <!-- beforeClass -->
        <test-method status="PASS" signature="otherTest()[pri:0, instance:TestCase.ActivityTest.Other@566776ad]" name="otherTest" duration-ms="8661" started-at="2018-05-22T09:31:57Z" finished-at="2018-05-22T09:32:05Z">
          <reporter-output>
          </reporter-output>
        </test-method> <!-- otherTest -->
        <test-method status="PASS" signature="afterClass()[pri:0, instance:TestCase.ActivityTest.Other@566776ad]" name="afterClass" is-config="true" duration-ms="747" started-at="2018-05-22T09:32:05Z" finished-at="2018-05-22T09:32:06Z">
          <reporter-output>
          </reporter-output>
        </test-method> <!-- afterClass -->
      </class> <!-- TestCase.ActivityTest.Other -->
      <class name="TestCase.ActivityTest.Salon">
        <test-method status="PASS" signature="beforeClass()[pri:0, instance:TestCase.ActivityTest.Salon@1554909b]" name="beforeClass" is-config="true" duration-ms="12278" started-at="2018-05-22T09:32:19Z" finished-at="2018-05-22T09:32:31Z">
          <reporter-output>
          </reporter-output>
        </test-method> <!-- beforeClass -->
        <test-method status="PASS" signature="salonTest()[pri:0, instance:TestCase.ActivityTest.Salon@1554909b]" name="salonTest" duration-ms="21053" started-at="2018-05-22T09:32:31Z" finished-at="2018-05-22T09:32:52Z">
          <reporter-output>
          </reporter-output>
        </test-method> <!-- salonTest -->
        <test-method status="PASS" signature="afterClass()[pri:0, instance:TestCase.ActivityTest.Salon@1554909b]" name="afterClass" is-config="true" duration-ms="720" started-at="2018-05-22T09:32:52Z" finished-at="2018-05-22T09:32:53Z">
          <reporter-output>
          </reporter-output>
        </test-method> <!-- afterClass -->
      </class> <!-- TestCase.ActivityTest.Salon -->
      <class name="TestCase.ActivityTest.Activity">
        <test-method status="PASS" signature="beforeClass()[pri:0, instance:TestCase.ActivityTest.Activity@7f690630]" name="beforeClass" is-config="true" duration-ms="3912" started-at="2018-05-22T09:31:17Z" finished-at="2018-05-22T09:31:21Z">
          <reporter-output>
          </reporter-output>
        </test-method> <!-- beforeClass -->
        <test-method status="PASS" signature="activityTest()[pri:0, instance:TestCase.ActivityTest.Activity@7f690630]" name="activityTest" duration-ms="6180" started-at="2018-05-22T09:31:21Z" finished-at="2018-05-22T09:31:27Z">
          <reporter-output>
          </reporter-output>
        </test-method> <!-- activityTest -->
        <test-method status="PASS" signature="afterClass()[pri:0, instance:TestCase.ActivityTest.Activity@7f690630]" name="afterClass" is-config="true" duration-ms="773" started-at="2018-05-22T09:31:27Z" finished-at="2018-05-22T09:31:28Z">
          <reporter-output>
          </reporter-output>
        </test-method> <!-- afterClass -->
      </class> <!-- TestCase.ActivityTest.Activity -->
      <class name="TestCase.ActivityTest.Lecture">
        <test-method status="PASS" signature="beforeClass()[pri:0, instance:TestCase.ActivityTest.Lecture@2f7a2457]" name="beforeClass" is-config="true" duration-ms="5558" started-at="2018-05-22T09:31:38Z" finished-at="2018-05-22T09:31:43Z">
          <reporter-output>
          </reporter-output>
        </test-method> <!-- beforeClass -->
        <test-method status="PASS" signature="lectureTest()[pri:0, instance:TestCase.ActivityTest.Lecture@2f7a2457]" name="lectureTest" duration-ms="7895" started-at="2018-05-22T09:31:43Z" finished-at="2018-05-22T09:31:51Z">
          <reporter-output>
          </reporter-output>
        </test-method> <!-- lectureTest -->
        <test-method status="PASS" signature="afterClass()[pri:0, instance:TestCase.ActivityTest.Lecture@2f7a2457]" name="afterClass" is-config="true" duration-ms="795" started-at="2018-05-22T09:31:51Z" finished-at="2018-05-22T09:31:52Z">
          <reporter-output>
          </reporter-output>
        </test-method> <!-- afterClass -->
      </class> <!-- TestCase.ActivityTest.Lecture -->
    </test> <!-- ActivityTest -->
    <test name="InfoTest" duration-ms="42404" started-at="2018-05-22T09:32:53Z" finished-at="2018-05-22T09:33:35Z">
      <class name="TestCase.InfoTest.ResourceDynamics">
        <test-method status="PASS" signature="beforeClass()[pri:0, instance:TestCase.InfoTest.ResourceDynamics@380fb434]" name="beforeClass" is-config="true" duration-ms="4920" started-at="2018-05-22T09:33:24Z" finished-at="2018-05-22T09:33:29Z">
          <reporter-output>
          </reporter-output>
        </test-method> <!-- beforeClass -->
        <test-method status="PASS" signature="resourceDynamicsTest()[pri:0, instance:TestCase.InfoTest.ResourceDynamics@380fb434]" name="resourceDynamicsTest" duration-ms="5924" started-at="2018-05-22T09:33:29Z" finished-at="2018-05-22T09:33:35Z">
          <reporter-output>
          </reporter-output>
        </test-method> <!-- resourceDynamicsTest -->
        <test-method status="PASS" signature="afterClass()[pri:0, instance:TestCase.InfoTest.ResourceDynamics@380fb434]" name="afterClass" is-config="true" duration-ms="743" started-at="2018-05-22T09:33:35Z" finished-at="2018-05-22T09:33:35Z">
          <reporter-output>
          </reporter-output>
        </test-method> <!-- afterClass -->
      </class> <!-- TestCase.InfoTest.ResourceDynamics -->
      <class name="TestCase.InfoTest.Notice">
        <test-method status="PASS" signature="beforeClass()[pri:0, instance:TestCase.InfoTest.Notice@5ebec15]" name="beforeClass" is-config="true" duration-ms="5261" started-at="2018-05-22T09:32:53Z" finished-at="2018-05-22T09:32:58Z">
          <reporter-output>
          </reporter-output>
        </test-method> <!-- beforeClass -->
        <test-method status="PASS" signature="noticeTest()[pri:0, instance:TestCase.InfoTest.Notice@5ebec15]" name="noticeTest" duration-ms="6987" started-at="2018-05-22T09:32:58Z" finished-at="2018-05-22T09:33:05Z">
          <reporter-output>
          </reporter-output>
        </test-method> <!-- noticeTest -->
        <test-method status="PASS" signature="afterClass()[pri:0, instance:TestCase.InfoTest.Notice@5ebec15]" name="afterClass" is-config="true" duration-ms="739" started-at="2018-05-22T09:33:05Z" finished-at="2018-05-22T09:33:06Z">
          <reporter-output>
          </reporter-output>
        </test-method> <!-- afterClass -->
      </class> <!-- TestCase.InfoTest.Notice -->
      <class name="TestCase.InfoTest.RealTimeInfo">
        <test-method status="PASS" signature="beforeClass()[pri:0, instance:TestCase.InfoTest.RealTimeInfo@21bcffb5]" name="beforeClass" is-config="true" duration-ms="3693" started-at="2018-05-22T09:33:06Z" finished-at="2018-05-22T09:33:10Z">
          <reporter-output>
          </reporter-output>
        </test-method> <!-- beforeClass -->
        <test-method status="PASS" signature="realTimeInfoTest()[pri:0, instance:TestCase.InfoTest.RealTimeInfo@21bcffb5]" name="realTimeInfoTest" duration-ms="13401" started-at="2018-05-22T09:33:10Z" finished-at="2018-05-22T09:33:23Z">
          <reporter-output>
          </reporter-output>
        </test-method> <!-- realTimeInfoTest -->
        <test-method status="PASS" signature="afterClass()[pri:0, instance:TestCase.InfoTest.RealTimeInfo@21bcffb5]" name="afterClass" is-config="true" duration-ms="734" started-at="2018-05-22T09:33:23Z" finished-at="2018-05-22T09:33:24Z">
          <reporter-output>
          </reporter-output>
        </test-method> <!-- afterClass -->
      </class> <!-- TestCase.InfoTest.RealTimeInfo -->
    </test> <!-- InfoTest -->
    <test name="LearningCenterTest" duration-ms="91983" started-at="2018-05-22T09:33:35Z" finished-at="2018-05-22T09:35:07Z">
      <class name="TestCase.LearningCenterTest.EddieCorsonMedia">
        <test-method status="PASS" signature="beforeClass()[pri:0, instance:TestCase.LearningCenterTest.EddieCorsonMedia@3b81a1bc]" name="beforeClass" is-config="true" duration-ms="9155" started-at="2018-05-22T09:33:43Z" finished-at="2018-05-22T09:33:52Z">
          <reporter-output>
          </reporter-output>
        </test-method> <!-- beforeClass -->
        <test-method status="PASS" signature="eddieCorsonMediaTest()[pri:0, instance:TestCase.LearningCenterTest.EddieCorsonMedia@3b81a1bc]" name="eddieCorsonMediaTest" duration-ms="4510" started-at="2018-05-22T09:33:52Z" finished-at="2018-05-22T09:33:57Z">
          <reporter-output>
          </reporter-output>
        </test-method> <!-- eddieCorsonMediaTest -->
        <test-method status="PASS" signature="afterClass()[pri:0, instance:TestCase.LearningCenterTest.EddieCorsonMedia@3b81a1bc]" name="afterClass" is-config="true" duration-ms="807" started-at="2018-05-22T09:33:57Z" finished-at="2018-05-22T09:33:58Z">
          <reporter-output>
          </reporter-output>
        </test-method> <!-- afterClass -->
      </class> <!-- TestCase.LearningCenterTest.EddieCorsonMedia -->
      <class name="TestCase.LearningCenterTest.EddieCorsonReportingHall">
        <test-method status="PASS" signature="beforeClass()[pri:0, instance:TestCase.LearningCenterTest.EddieCorsonReportingHall@64616ca2]" name="beforeClass" is-config="true" duration-ms="5469" started-at="2018-05-22T09:33:58Z" finished-at="2018-05-22T09:34:03Z">
          <reporter-output>
          </reporter-output>
        </test-method> <!-- beforeClass -->
        <test-method status="FAIL" signature="eddieCorsonReportingHallTest()[pri:0, instance:TestCase.LearningCenterTest.EddieCorsonReportingHall@64616ca2]" name="eddieCorsonReportingHallTest" duration-ms="4132" started-at="2018-05-22T09:34:03Z" finished-at="2018-05-22T09:34:07Z">
          <exception class="java.lang.AssertionError">
            <message>
              <![CDATA[网页标题与预期不符合 expected [爱迪科森网上报告厅] but found [无法找到资源。]]]>
            </message>
            <full-stacktrace>
              <![CDATA[java.lang.AssertionError: 网页标题与预期不符合 expected [爱迪科森网上报告厅] but found [无法找到资源。]
at org.testng.Assert.fail(Assert.java:96)
at org.testng.Assert.failNotEquals(Assert.java:776)
at org.testng.Assert.assertEqualsImpl(Assert.java:137)
at org.testng.Assert.assertEquals(Assert.java:118)
at org.testng.Assert.assertEquals(Assert.java:453)
at Utils.ActionBot.titleAssert(ActionBot.java:294)
at TestCase.LearningCenterTest.EddieCorsonReportingHall.eddieCorsonReportingHallTest(EddieCorsonReportingHall.java:25)
at sun.reflect.NativeMethodAccessorImpl.invoke0(Native Method)
at sun.reflect.NativeMethodAccessorImpl.invoke(NativeMethodAccessorImpl.java:62)
at sun.reflect.DelegatingMethodAccessorImpl.invoke(DelegatingMethodAccessorImpl.java:43)
at java.lang.reflect.Method.invoke(Method.java:497)
at org.testng.internal.MethodInvocationHelper.invokeMethod(MethodInvocationHelper.java:124)
at org.testng.internal.Invoker.invokeMethod(Invoker.java:583)
at org.testng.internal.Invoker.invokeTestMethod(Invoker.java:719)
at org.testng.internal.Invoker.invokeTestMethods(Invoker.java:989)
at org.testng.internal.TestMethodWorker.invokeTestMethods(TestMethodWorker.java:125)
at org.testng.internal.TestMethodWorker.run(TestMethodWorker.java:109)
at org.testng.TestRunner.privateRun(TestRunner.java:648)
at org.testng.TestRunner.run(TestRunner.java:505)
at org.testng.SuiteRunner.runTest(SuiteRunner.java:455)
at org.testng.SuiteRunner.runSequentially(SuiteRunner.java:450)
at org.testng.SuiteRunner.privateRun(SuiteRunner.java:415)
at org.testng.SuiteRunner.run(SuiteRunner.java:364)
at org.testng.SuiteRunnerWorker.runSuite(SuiteRunnerWorker.java:52)
at org.testng.SuiteRunnerWorker.run(SuiteRunnerWorker.java:84)
at org.testng.TestNG.runSuitesSequentially(TestNG.java:1208)
at org.testng.TestNG.runSuitesLocally(TestNG.java:1137)
at org.testng.TestNG.runSuites(TestNG.java:1049)
at org.testng.TestNG.run(TestNG.java:1017)
at org.testng.IDEARemoteTestNG.run(IDEARemoteTestNG.java:72)
at org.testng.RemoteTestNGStarter.main(RemoteTestNGStarter.java:123)
]]>
            </full-stacktrace>
          </exception> <!-- java.lang.AssertionError -->
          <reporter-output>
          </reporter-output>
        </test-method> <!-- eddieCorsonReportingHallTest -->
        <test-method status="PASS" signature="afterClass()[pri:0, instance:TestCase.LearningCenterTest.EddieCorsonReportingHall@64616ca2]" name="afterClass" is-config="true" duration-ms="796" started-at="2018-05-22T09:34:07Z" finished-at="2018-05-22T09:34:08Z">
          <reporter-output>
          </reporter-output>
        </test-method> <!-- afterClass -->
      </class> <!-- TestCase.LearningCenterTest.EddieCorsonReportingHall -->
      <class name="TestCase.LearningCenterTest.StartPoint">
        <test-method status="PASS" signature="beforeClass()[pri:0, instance:TestCase.LearningCenterTest.StartPoint@735f7ae5]" name="beforeClass" is-config="true" duration-ms="5047" started-at="2018-05-22T09:34:51Z" finished-at="2018-05-22T09:34:57Z">
          <reporter-output>
          </reporter-output>
        </test-method> <!-- beforeClass -->
        <test-method status="FAIL" signature="startPointTest()[pri:0, instance:TestCase.LearningCenterTest.StartPoint@735f7ae5]" name="startPointTest" duration-ms="10137" started-at="2018-05-22T09:34:57Z" finished-at="2018-05-22T09:35:07Z">
          <exception class="org.openqa.selenium.NoSuchElementException">
            <message>
              <![CDATA[no such element: Unable to locate element: {"method":"link text","selector":"起点自主考试学习系统"}
  (Session info: chrome=66.0.3359.181)
  (Driver info: chromedriver=2.38.552522 (437e6fbedfa8762dec75e2c5b3ddb86763dc9dcb),platform=Windows NT 10.0.16299 x86_64) (WARNING: The server did not provide any stacktrace information)
Command duration or timeout: 0 milliseconds
For documentation on this error, please visit: http://seleniumhq.org/exceptions/no_such_element.html
Build info: version: '3.11.0', revision: 'e59cfb3', time: '2018-03-11T20:26:55.152Z'
System info: host: 'DESKTOP-9K58VOG', ip: '10.184.5.128', os.name: 'Windows 10', os.arch: 'amd64', os.version: '10.0', java.version: '1.8.0_73'
Driver info: org.openqa.selenium.chrome.ChromeDriver
Capabilities {acceptInsecureCerts: false, acceptSslCerts: false, applicationCacheEnabled: false, browserConnectionEnabled: false, browserName: chrome, chrome: {chromedriverVersion: 2.38.552522 (437e6fbedfa876..., userDataDir: C:\Users\GoldOil\AppData\Lo...}, cssSelectorsEnabled: true, databaseEnabled: false, handlesAlerts: true, hasTouchScreen: false, javascriptEnabled: true, locationContextEnabled: true, mobileEmulationEnabled: false, nativeEvents: true, networkConnectionEnabled: false, pageLoadStrategy: normal, platform: XP, platformName: XP, rotatable: false, setWindowRect: true, takesHeapSnapshot: true, takesScreenshot: true, unexpectedAlertBehaviour: , unhandledPromptBehavior: , version: 66.0.3359.181, webStorageEnabled: true}
Session ID: a678bd81ca57acb4fcd561a9ae4539e7
*** Element info: {Using=link text, value=起点自主考试学习系统}]]>
            </message>
            <full-stacktrace>
              <![CDATA[org.openqa.selenium.NoSuchElementException: no such element: Unable to locate element: {"method":"link text","selector":"起点自主考试学习系统"}
  (Session info: chrome=66.0.3359.181)
  (Driver info: chromedriver=2.38.552522 (437e6fbedfa8762dec75e2c5b3ddb86763dc9dcb),platform=Windows NT 10.0.16299 x86_64) (WARNING: The server did not provide any stacktrace information)
Command duration or timeout: 0 milliseconds
For documentation on this error, please visit: http://seleniumhq.org/exceptions/no_such_element.html
Build info: version: '3.11.0', revision: 'e59cfb3', time: '2018-03-11T20:26:55.152Z'
System info: host: 'DESKTOP-9K58VOG', ip: '10.184.5.128', os.name: 'Windows 10', os.arch: 'amd64', os.version: '10.0', java.version: '1.8.0_73'
Driver info: org.openqa.selenium.chrome.ChromeDriver
Capabilities {acceptInsecureCerts: false, acceptSslCerts: false, applicationCacheEnabled: false, browserConnectionEnabled: false, browserName: chrome, chrome: {chromedriverVersion: 2.38.552522 (437e6fbedfa876..., userDataDir: C:\Users\GoldOil\AppData\Lo...}, cssSelectorsEnabled: true, databaseEnabled: false, handlesAlerts: true, hasTouchScreen: false, javascriptEnabled: true, locationContextEnabled: true, mobileEmulationEnabled: false, nativeEvents: true, networkConnectionEnabled: false, pageLoadStrategy: normal, platform: XP, platformName: XP, rotatable: false, setWindowRect: true, takesHeapSnapshot: true, takesScreenshot: true, unexpectedAlertBehaviour: , unhandledPromptBehavior: , version: 66.0.3359.181, webStorageEnabled: true}
Session ID: a678bd81ca57acb4fcd561a9ae4539e7
*** Element info: {Using=link text, value=起点自主考试学习系统}
at sun.reflect.NativeConstructorAccessorImpl.newInstance0(Native Method)
at sun.reflect.NativeConstructorAccessorImpl.newInstance(NativeConstructorAccessorImpl.java:62)
at sun.reflect.DelegatingConstructorAccessorImpl.newInstance(DelegatingConstructorAccessorImpl.java:45)
at java.lang.reflect.Constructor.newInstance(Constructor.java:422)
at org.openqa.selenium.remote.ErrorHandler.createThrowable(ErrorHandler.java:214)
at org.openqa.selenium.remote.ErrorHandler.throwIfResponseFailed(ErrorHandler.java:166)
at org.openqa.selenium.remote.http.JsonHttpResponseCodec.reconstructValue(JsonHttpResponseCodec.java:40)
at org.openqa.selenium.remote.http.AbstractHttpResponseCodec.decode(AbstractHttpResponseCodec.java:80)
at org.openqa.selenium.remote.http.AbstractHttpResponseCodec.decode(AbstractHttpResponseCodec.java:44)
at org.openqa.selenium.remote.HttpCommandExecutor.execute(HttpCommandExecutor.java:158)
at org.openqa.selenium.remote.service.DriverCommandExecutor.execute(DriverCommandExecutor.java:83)
at org.openqa.selenium.remote.RemoteWebDriver.execute(RemoteWebDriver.java:545)
at org.openqa.selenium.remote.RemoteWebDriver.findElement(RemoteWebDriver.java:319)
at org.openqa.selenium.remote.RemoteWebDriver.findElementByLinkText(RemoteWebDriver.java:373)
at org.openqa.selenium.By$ByLinkText.findElement(By.java:246)
at org.openqa.selenium.remote.RemoteWebDriver.findElement(RemoteWebDriver.java:311)
at Utils.ActionBot.findElementByLinkText(ActionBot.java:48)
at Utils.ActionBot.clickByLinkText(ActionBot.java:108)
at PageObject.LearningCenterPage.goQiDian(LearningCenterPage.java:21)
at TestCase.LearningCenterTest.StartPoint.startPointTest(StartPoint.java:23)
at sun.reflect.NativeMethodAccessorImpl.invoke0(Native Method)
at sun.reflect.NativeMethodAccessorImpl.invoke(NativeMethodAccessorImpl.java:62)
at sun.reflect.DelegatingMethodAccessorImpl.invoke(DelegatingMethodAccessorImpl.java:43)
at java.lang.reflect.Method.invoke(Method.java:497)
at org.testng.internal.MethodInvocationHelper.invokeMethod(MethodInvocationHelper.java:124)
at org.testng.internal.Invoker.invokeMethod(Invoker.java:583)
at org.testng.internal.Invoker.invokeTestMethod(Invoker.java:719)
at org.testng.internal.Invoker.invokeTestMethods(Invoker.java:989)
at org.testng.internal.TestMethodWorker.invokeTestMethods(TestMethodWorker.java:125)
at org.testng.internal.TestMethodWorker.run(TestMethodWorker.java:109)
at org.testng.TestRunner.privateRun(TestRunner.java:648)
at org.testng.TestRunner.run(TestRunner.java:505)
at org.testng.SuiteRunner.runTest(SuiteRunner.java:455)
at org.testng.SuiteRunner.runSequentially(SuiteRunner.java:450)
at org.testng.SuiteRunner.privateRun(SuiteRunner.java:415)
at org.testng.SuiteRunner.run(SuiteRunner.java:364)
at org.testng.SuiteRunnerWorker.runSuite(SuiteRunnerWorker.java:52)
at org.testng.SuiteRunnerWorker.run(SuiteRunnerWorker.java:84)
at org.testng.TestNG.runSuitesSequentially(TestNG.java:1208)
at org.testng.TestNG.runSuitesLocally(TestNG.java:1137)
at org.testng.TestNG.runSuites(TestNG.java:1049)
at org.testng.TestNG.run(TestNG.java:1017)
at org.testng.IDEARemoteTestNG.run(IDEARemoteTestNG.java:72)
at org.testng.RemoteTestNGStarter.main(RemoteTestNGStarter.java:123)
]]>
            </full-stacktrace>
          </exception> <!-- org.openqa.selenium.NoSuchElementException -->
          <reporter-output>
          </reporter-output>
        </test-method> <!-- startPointTest -->
        <test-method status="PASS" signature="afterClass()[pri:0, instance:TestCase.LearningCenterTest.StartPoint@735f7ae5]" name="afterClass" is-config="true" duration-ms="750" started-at="2018-05-22T09:35:07Z" finished-at="2018-05-22T09:35:07Z">
          <reporter-output>
          </reporter-output>
        </test-method> <!-- afterClass -->
      </class> <!-- TestCase.LearningCenterTest.StartPoint -->
      <class name="TestCase.LearningCenterTest.Credit">
        <test-method status="PASS" signature="beforeClass()[pri:0, instance:TestCase.LearningCenterTest.Credit@5f2050f6]" name="beforeClass" is-config="true" duration-ms="5267" started-at="2018-05-22T09:33:35Z" finished-at="2018-05-22T09:33:41Z">
          <reporter-output>
          </reporter-output>
        </test-method> <!-- beforeClass -->
        <test-method status="PASS" signature="creditTest()[pri:0, instance:TestCase.LearningCenterTest.Credit@5f2050f6]" name="creditTest" duration-ms="1714" started-at="2018-05-22T09:33:41Z" finished-at="2018-05-22T09:33:42Z">
          <reporter-output>
          </reporter-output>
        </test-method> <!-- creditTest -->
        <test-method status="PASS" signature="afterClass()[pri:0, instance:TestCase.LearningCenterTest.Credit@5f2050f6]" name="afterClass" is-config="true" duration-ms="800" started-at="2018-05-22T09:33:42Z" finished-at="2018-05-22T09:33:43Z">
          <reporter-output>
          </reporter-output>
        </test-method> <!-- afterClass -->
      </class> <!-- TestCase.LearningCenterTest.Credit -->
      <class name="TestCase.LearningCenterTest.LearningCenterOL">
        <test-method status="PASS" signature="beforeClass()[pri:0, instance:TestCase.LearningCenterTest.LearningCenterOL@13fee20c]" name="beforeClass" is-config="true" duration-ms="8988" started-at="2018-05-22T09:34:08Z" finished-at="2018-05-22T09:34:17Z">
          <reporter-output>
          </reporter-output>
        </test-method> <!-- beforeClass -->
        <test-method status="PASS" signature="learningCenterOLTest()[pri:0, instance:TestCase.LearningCenterTest.LearningCenterOL@13fee20c]" name="learningCenterOLTest" duration-ms="6968" started-at="2018-05-22T09:34:17Z" finished-at="2018-05-22T09:34:24Z">
          <reporter-output>
          </reporter-output>
        </test-method> <!-- learningCenterOLTest -->
        <test-method status="PASS" signature="afterClass()[pri:0, instance:TestCase.LearningCenterTest.LearningCenterOL@13fee20c]" name="afterClass" is-config="true" duration-ms="774" started-at="2018-05-22T09:34:24Z" finished-at="2018-05-22T09:34:25Z">
          <reporter-output>
          </reporter-output>
        </test-method> <!-- afterClass -->
      </class> <!-- TestCase.LearningCenterTest.LearningCenterOL -->
      <class name="TestCase.LearningCenterTest.Mooc">
        <test-method status="PASS" signature="beforeClass()[pri:0, instance:TestCase.LearningCenterTest.Mooc@4e04a765]" name="beforeClass" is-config="true" duration-ms="5262" started-at="2018-05-22T09:34:25Z" finished-at="2018-05-22T09:34:30Z">
          <reporter-output>
          </reporter-output>
        </test-method> <!-- beforeClass -->
        <test-method status="PASS" signature="moocTest()[pri:0, instance:TestCase.LearningCenterTest.Mooc@4e04a765]" name="moocTest" duration-ms="2775" started-at="2018-05-22T09:34:30Z" finished-at="2018-05-22T09:34:33Z">
          <reporter-output>
          </reporter-output>
        </test-method> <!-- moocTest -->
        <test-method status="PASS" signature="afterClass()[pri:0, instance:TestCase.LearningCenterTest.Mooc@4e04a765]" name="afterClass" is-config="true" duration-ms="766" started-at="2018-05-22T09:34:33Z" finished-at="2018-05-22T09:34:34Z">
          <reporter-output>
          </reporter-output>
        </test-method> <!-- afterClass -->
      </class> <!-- TestCase.LearningCenterTest.Mooc -->
      <class name="TestCase.LearningCenterTest.MultimediaAccountingVideo">
        <test-method status="PASS" signature="beforeClass()[pri:0, instance:TestCase.LearningCenterTest.MultimediaAccountingVideo@783e6358]" name="beforeClass" is-config="true" duration-ms="5343" started-at="2018-05-22T09:34:34Z" finished-at="2018-05-22T09:34:39Z">
          <reporter-output>
          </reporter-output>
        </test-method> <!-- beforeClass -->
        <test-method status="PASS" signature="multimediaAccountingVideoTest()[pri:0, instance:TestCase.LearningCenterTest.MultimediaAccountingVideo@783e6358]" name="multimediaAccountingVideoTest" duration-ms="2834" started-at="2018-05-22T09:34:39Z" finished-at="2018-05-22T09:34:42Z">
          <reporter-output>
          </reporter-output>
        </test-method> <!-- multimediaAccountingVideoTest -->
        <test-method status="PASS" signature="afterClass()[pri:0, instance:TestCase.LearningCenterTest.MultimediaAccountingVideo@783e6358]" name="afterClass" is-config="true" duration-ms="747" started-at="2018-05-22T09:34:42Z" finished-at="2018-05-22T09:34:43Z">
          <reporter-output>
          </reporter-output>
        </test-method> <!-- afterClass -->
      </class> <!-- TestCase.LearningCenterTest.MultimediaAccountingVideo -->
      <class name="TestCase.LearningCenterTest.PublicAwareness">
        <test-method status="PASS" signature="beforeClass()[pri:0, instance:TestCase.LearningCenterTest.PublicAwareness@17550481]" name="beforeClass" is-config="true" duration-ms="4121" started-at="2018-05-22T09:34:43Z" finished-at="2018-05-22T09:34:47Z">
          <reporter-output>
          </reporter-output>
        </test-method> <!-- beforeClass -->
        <test-method status="PASS" signature="publicAwarenessTest()[pri:0, instance:TestCase.LearningCenterTest.PublicAwareness@17550481]" name="publicAwarenessTest" duration-ms="4045" started-at="2018-05-22T09:34:47Z" finished-at="2018-05-22T09:34:51Z">
          <reporter-output>
          </reporter-output>
        </test-method> <!-- publicAwarenessTest -->
        <test-method status="PASS" signature="afterClass()[pri:0, instance:TestCase.LearningCenterTest.PublicAwareness@17550481]" name="afterClass" is-config="true" duration-ms="761" started-at="2018-05-22T09:34:51Z" finished-at="2018-05-22T09:34:51Z">
          <reporter-output>
          </reporter-output>
        </test-method> <!-- afterClass -->
      </class> <!-- TestCase.LearningCenterTest.PublicAwareness -->
    </test> <!-- LearningCenterTest -->
    <test name="RecommendationTest" duration-ms="21642" started-at="2018-05-22T09:35:07Z" finished-at="2018-05-22T09:35:29Z">
      <class name="TestCase.RecommendationTest.NewArrivals">
        <test-method status="PASS" signature="beforeClass()[pri:0, instance:TestCase.RecommendationTest.NewArrivals@5d624da6]" name="beforeClass" is-config="true" duration-ms="4970" started-at="2018-05-22T09:35:07Z" finished-at="2018-05-22T09:35:12Z">
          <reporter-output>
          </reporter-output>
        </test-method> <!-- beforeClass -->
        <test-method status="PASS" signature="newArrivalsTest()[pri:0, instance:TestCase.RecommendationTest.NewArrivals@5d624da6]" name="newArrivalsTest" duration-ms="835" started-at="2018-05-22T09:35:12Z" finished-at="2018-05-22T09:35:13Z">
          <reporter-output>
          </reporter-output>
        </test-method> <!-- newArrivalsTest -->
        <test-method status="PASS" signature="afterClass()[pri:0, instance:TestCase.RecommendationTest.NewArrivals@5d624da6]" name="afterClass" is-config="true" duration-ms="754" started-at="2018-05-22T09:35:13Z" finished-at="2018-05-22T09:35:14Z">
          <reporter-output>
          </reporter-output>
        </test-method> <!-- afterClass -->
      </class> <!-- TestCase.RecommendationTest.NewArrivals -->
      <class name="TestCase.RecommendationTest.ThemeRecommendation">
        <test-method status="PASS" signature="beforeClass()[pri:0, instance:TestCase.RecommendationTest.ThemeRecommendation@1e67b872]" name="beforeClass" is-config="true" duration-ms="5035" started-at="2018-05-22T09:35:14Z" finished-at="2018-05-22T09:35:19Z">
          <reporter-output>
          </reporter-output>
        </test-method> <!-- beforeClass -->
        <test-method status="PASS" signature="themeRecommendationTest()[pri:0, instance:TestCase.RecommendationTest.ThemeRecommendation@1e67b872]" name="themeRecommendationTest" duration-ms="9284" started-at="2018-05-22T09:35:19Z" finished-at="2018-05-22T09:35:28Z">
          <reporter-output>
          </reporter-output>
        </test-method> <!-- themeRecommendationTest -->
        <test-method status="PASS" signature="afterClass()[pri:0, instance:TestCase.RecommendationTest.ThemeRecommendation@1e67b872]" name="afterClass" is-config="true" duration-ms="762" started-at="2018-05-22T09:35:28Z" finished-at="2018-05-22T09:35:29Z">
          <reporter-output>
          </reporter-output>
        </test-method> <!-- afterClass -->
      </class> <!-- TestCase.RecommendationTest.ThemeRecommendation -->
    </test> <!-- RecommendationTest -->
    <test name="ResourceTest" duration-ms="162217" started-at="2018-05-22T09:35:29Z" finished-at="2018-05-22T09:38:11Z">
      <class name="TestCase.ResourceTest.ChineseIndexOrLiterature">
        <test-method status="PASS" signature="beforeClass()[pri:0, instance:TestCase.ResourceTest.ChineseIndexOrLiterature@3a03464]" name="beforeClass" is-config="true" duration-ms="20148" started-at="2018-05-22T09:36:04Z" finished-at="2018-05-22T09:36:24Z">
          <reporter-output>
          </reporter-output>
        </test-method> <!-- beforeClass -->
        <test-method status="PASS" signature="chineseIndexOrLiteratureTest()[pri:0, instance:TestCase.ResourceTest.ChineseIndexOrLiterature@3a03464]" name="chineseIndexOrLiteratureTest" duration-ms="1360" started-at="2018-05-22T09:36:24Z" finished-at="2018-05-22T09:36:25Z">
          <reporter-output>
          </reporter-output>
        </test-method> <!-- chineseIndexOrLiteratureTest -->
        <test-method status="PASS" signature="afterClass()[pri:0, instance:TestCase.ResourceTest.ChineseIndexOrLiterature@3a03464]" name="afterClass" is-config="true" duration-ms="752" started-at="2018-05-22T09:36:25Z" finished-at="2018-05-22T09:36:26Z">
          <reporter-output>
          </reporter-output>
        </test-method> <!-- afterClass -->
      </class> <!-- TestCase.ResourceTest.ChineseIndexOrLiterature -->
      <class name="TestCase.ResourceTest.OffcampusAccess">
        <test-method status="PASS" signature="beforeClass()[pri:0, instance:TestCase.ResourceTest.OffcampusAccess@54a097cc]" name="beforeClass" is-config="true" duration-ms="2458" started-at="2018-05-22T09:38:07Z" finished-at="2018-05-22T09:38:10Z">
          <reporter-output>
          </reporter-output>
        </test-method> <!-- beforeClass -->
        <test-method status="PASS" signature="offcampusAccessTest()[pri:0, instance:TestCase.ResourceTest.OffcampusAccess@54a097cc]" name="offcampusAccessTest" duration-ms="961" started-at="2018-05-22T09:38:10Z" finished-at="2018-05-22T09:38:11Z">
          <reporter-output>
          </reporter-output>
        </test-method> <!-- offcampusAccessTest -->
        <test-method status="PASS" signature="afterClass()[pri:0, instance:TestCase.ResourceTest.OffcampusAccess@54a097cc]" name="afterClass" is-config="true" duration-ms="745" started-at="2018-05-22T09:38:11Z" finished-at="2018-05-22T09:38:11Z">
          <reporter-output>
          </reporter-output>
        </test-method> <!-- afterClass -->
      </class> <!-- TestCase.ResourceTest.OffcampusAccess -->
      <class name="TestCase.ResourceTest.ElectronicBooks">
        <test-method status="PASS" signature="beforeClass()[pri:0, instance:TestCase.ResourceTest.ElectronicBooks@366e2eef]" name="beforeClass" is-config="true" duration-ms="2281" started-at="2018-05-22T09:37:20Z" finished-at="2018-05-22T09:37:22Z">
          <reporter-output>
          </reporter-output>
        </test-method> <!-- beforeClass -->
        <test-method status="PASS" signature="electronicBooksTest()[pri:0, instance:TestCase.ResourceTest.ElectronicBooks@366e2eef]" name="electronicBooksTest" duration-ms="2008" started-at="2018-05-22T09:37:22Z" finished-at="2018-05-22T09:37:24Z">
          <reporter-output>
          </reporter-output>
        </test-method> <!-- electronicBooksTest -->
        <test-method status="PASS" signature="afterClass()[pri:0, instance:TestCase.ResourceTest.ElectronicBooks@366e2eef]" name="afterClass" is-config="true" duration-ms="750" started-at="2018-05-22T09:37:24Z" finished-at="2018-05-22T09:37:25Z">
          <reporter-output>
          </reporter-output>
        </test-method> <!-- afterClass -->
      </class> <!-- TestCase.ResourceTest.ElectronicBooks -->
      <class name="TestCase.ResourceTest.ChinesePeriodicalNewspaper">
        <test-method status="PASS" signature="beforeClass()[pri:0, instance:TestCase.ResourceTest.ChinesePeriodicalNewspaper@6537cf78]" name="beforeClass" is-config="true" duration-ms="2549" started-at="2018-05-22T09:36:37Z" finished-at="2018-05-22T09:36:40Z">
          <reporter-output>
          </reporter-output>
        </test-method> <!-- beforeClass -->
        <test-method status="PASS" signature="chinesePeriodicalNewspaperTest()[pri:0, instance:TestCase.ResourceTest.ChinesePeriodicalNewspaper@6537cf78]" name="chinesePeriodicalNewspaperTest" duration-ms="1873" started-at="2018-05-22T09:36:40Z" finished-at="2018-05-22T09:36:42Z">
          <reporter-output>
          </reporter-output>
        </test-method> <!-- chinesePeriodicalNewspaperTest -->
        <test-method status="PASS" signature="afterClass()[pri:0, instance:TestCase.ResourceTest.ChinesePeriodicalNewspaper@6537cf78]" name="afterClass" is-config="true" duration-ms="748" started-at="2018-05-22T09:36:42Z" finished-at="2018-05-22T09:36:42Z">
          <reporter-output>
          </reporter-output>
        </test-method> <!-- afterClass -->
      </class> <!-- TestCase.ResourceTest.ChinesePeriodicalNewspaper -->
      <class name="TestCase.ResourceTest.ChinesePatentAndStandard">
        <test-method status="PASS" signature="beforeClass()[pri:0, instance:TestCase.ResourceTest.ChinesePatentAndStandard@617c74e5]" name="beforeClass" is-config="true" duration-ms="2240" started-at="2018-05-22T09:36:32Z" finished-at="2018-05-22T09:36:34Z">
          <reporter-output>
          </reporter-output>
        </test-method> <!-- beforeClass -->
        <test-method status="PASS" signature="chinesePatentAndStandardTest()[pri:0, instance:TestCase.ResourceTest.ChinesePatentAndStandard@617c74e5]" name="chinesePatentAndStandardTest" duration-ms="2410" started-at="2018-05-22T09:36:34Z" finished-at="2018-05-22T09:36:36Z">
          <reporter-output>
          </reporter-output>
        </test-method> <!-- chinesePatentAndStandardTest -->
        <test-method status="PASS" signature="afterClass()[pri:0, instance:TestCase.ResourceTest.ChinesePatentAndStandard@617c74e5]" name="afterClass" is-config="true" duration-ms="759" started-at="2018-05-22T09:36:36Z" finished-at="2018-05-22T09:36:37Z">
          <reporter-output>
          </reporter-output>
        </test-method> <!-- afterClass -->
      </class> <!-- TestCase.ResourceTest.ChinesePatentAndStandard -->
      <class name="TestCase.ResourceTest.DissertationsAndTheses">
        <test-method status="PASS" signature="beforeClass()[pri:0, instance:TestCase.ResourceTest.DissertationsAndTheses@34b7bfc0]" name="beforeClass" is-config="true" duration-ms="2205" started-at="2018-05-22T09:37:06Z" finished-at="2018-05-22T09:37:08Z">
          <reporter-output>
          </reporter-output>
        </test-method> <!-- beforeClass -->
        <test-method status="PASS" signature="dissertationsAndThesesTest()[pri:0, instance:TestCase.ResourceTest.DissertationsAndTheses@34b7bfc0]" name="dissertationsAndThesesTest" duration-ms="10333" started-at="2018-05-22T09:37:08Z" finished-at="2018-05-22T09:37:19Z">
          <reporter-output>
          </reporter-output>
        </test-method> <!-- dissertationsAndThesesTest -->
        <test-method status="PASS" signature="afterClass()[pri:0, instance:TestCase.ResourceTest.DissertationsAndTheses@34b7bfc0]" name="afterClass" is-config="true" duration-ms="754" started-at="2018-05-22T09:37:19Z" finished-at="2018-05-22T09:37:20Z">
          <reporter-output>
          </reporter-output>
        </test-method> <!-- afterClass -->
      </class> <!-- TestCase.ResourceTest.DissertationsAndTheses -->
      <class name="TestCase.ResourceTest.MultimediaLearningLibrary">
        <test-method status="PASS" signature="beforeClass()[pri:0, instance:TestCase.ResourceTest.MultimediaLearningLibrary@7225790e]" name="beforeClass" is-config="true" duration-ms="2347" started-at="2018-05-22T09:38:01Z" finished-at="2018-05-22T09:38:03Z">
          <reporter-output>
          </reporter-output>
        </test-method> <!-- beforeClass -->
        <test-method status="PASS" signature="multimediaLearningLibraryTest()[pri:0, instance:TestCase.ResourceTest.MultimediaLearningLibrary@7225790e]" name="multimediaLearningLibraryTest" duration-ms="3295" started-at="2018-05-22T09:38:03Z" finished-at="2018-05-22T09:38:06Z">
          <reporter-output>
          </reporter-output>
        </test-method> <!-- multimediaLearningLibraryTest -->
        <test-method status="PASS" signature="afterClass()[pri:0, instance:TestCase.ResourceTest.MultimediaLearningLibrary@7225790e]" name="afterClass" is-config="true" duration-ms="784" started-at="2018-05-22T09:38:06Z" finished-at="2018-05-22T09:38:07Z">
          <reporter-output>
          </reporter-output>
        </test-method> <!-- afterClass -->
      </class> <!-- TestCase.ResourceTest.MultimediaLearningLibrary -->
      <class name="TestCase.ResourceTest.GlobalOpenCurriculumResources">
        <test-method status="PASS" signature="beforeClass()[pri:0, instance:TestCase.ResourceTest.GlobalOpenCurriculumResources@35fb3008]" name="beforeClass" is-config="true" duration-ms="2148" started-at="2018-05-22T09:37:36Z" finished-at="2018-05-22T09:37:39Z">
          <reporter-output>
          </reporter-output>
        </test-method> <!-- beforeClass -->
        <test-method status="FAIL" signature="globalOpenCurriculumResourcesTest()[pri:0, instance:TestCase.ResourceTest.GlobalOpenCurriculumResources@35fb3008]" name="globalOpenCurriculumResourcesTest" duration-ms="21412" started-at="2018-05-22T09:37:39Z" finished-at="2018-05-22T09:38:00Z">
          <exception class="org.openqa.selenium.TimeoutException">
            <message>
              <![CDATA[timeout
  (Session info: chrome=66.0.3359.181)
  (Driver info: chromedriver=2.38.552522 (437e6fbedfa8762dec75e2c5b3ddb86763dc9dcb),platform=Windows NT 10.0.16299 x86_64) (WARNING: The server did not provide any stacktrace information)
Command duration or timeout: 0 milliseconds
Build info: version: '3.11.0', revision: 'e59cfb3', time: '2018-03-11T20:26:55.152Z'
System info: host: 'DESKTOP-9K58VOG', ip: '10.184.5.128', os.name: 'Windows 10', os.arch: 'amd64', os.version: '10.0', java.version: '1.8.0_73'
Driver info: org.openqa.selenium.chrome.ChromeDriver
Capabilities {acceptInsecureCerts: false, acceptSslCerts: false, applicationCacheEnabled: false, browserConnectionEnabled: false, browserName: chrome, chrome: {chromedriverVersion: 2.38.552522 (437e6fbedfa876..., userDataDir: C:\Users\GoldOil\AppData\Lo...}, cssSelectorsEnabled: true, databaseEnabled: false, handlesAlerts: true, hasTouchScreen: false, javascriptEnabled: true, locationContextEnabled: true, mobileEmulationEnabled: false, nativeEvents: true, networkConnectionEnabled: false, pageLoadStrategy: normal, platform: XP, platformName: XP, rotatable: false, setWindowRect: true, takesHeapSnapshot: true, takesScreenshot: true, unexpectedAlertBehaviour: , unhandledPromptBehavior: , version: 66.0.3359.181, webStorageEnabled: true}
Session ID: 87c806225d8958d7132f91f71f8b700a]]>
            </message>
            <full-stacktrace>
              <![CDATA[org.openqa.selenium.TimeoutException: timeout
  (Session info: chrome=66.0.3359.181)
  (Driver info: chromedriver=2.38.552522 (437e6fbedfa8762dec75e2c5b3ddb86763dc9dcb),platform=Windows NT 10.0.16299 x86_64) (WARNING: The server did not provide any stacktrace information)
Command duration or timeout: 0 milliseconds
Build info: version: '3.11.0', revision: 'e59cfb3', time: '2018-03-11T20:26:55.152Z'
System info: host: 'DESKTOP-9K58VOG', ip: '10.184.5.128', os.name: 'Windows 10', os.arch: 'amd64', os.version: '10.0', java.version: '1.8.0_73'
Driver info: org.openqa.selenium.chrome.ChromeDriver
Capabilities {acceptInsecureCerts: false, acceptSslCerts: false, applicationCacheEnabled: false, browserConnectionEnabled: false, browserName: chrome, chrome: {chromedriverVersion: 2.38.552522 (437e6fbedfa876..., userDataDir: C:\Users\GoldOil\AppData\Lo...}, cssSelectorsEnabled: true, databaseEnabled: false, handlesAlerts: true, hasTouchScreen: false, javascriptEnabled: true, locationContextEnabled: true, mobileEmulationEnabled: false, nativeEvents: true, networkConnectionEnabled: false, pageLoadStrategy: normal, platform: XP, platformName: XP, rotatable: false, setWindowRect: true, takesHeapSnapshot: true, takesScreenshot: true, unexpectedAlertBehaviour: , unhandledPromptBehavior: , version: 66.0.3359.181, webStorageEnabled: true}
Session ID: 87c806225d8958d7132f91f71f8b700a
at sun.reflect.NativeConstructorAccessorImpl.newInstance0(Native Method)
at sun.reflect.NativeConstructorAccessorImpl.newInstance(NativeConstructorAccessorImpl.java:62)
at sun.reflect.DelegatingConstructorAccessorImpl.newInstance(DelegatingConstructorAccessorImpl.java:45)
at java.lang.reflect.Constructor.newInstance(Constructor.java:422)
at org.openqa.selenium.remote.ErrorHandler.createThrowable(ErrorHandler.java:214)
at org.openqa.selenium.remote.ErrorHandler.throwIfResponseFailed(ErrorHandler.java:166)
at org.openqa.selenium.remote.http.JsonHttpResponseCodec.reconstructValue(JsonHttpResponseCodec.java:40)
at org.openqa.selenium.remote.http.AbstractHttpResponseCodec.decode(AbstractHttpResponseCodec.java:80)
at org.openqa.selenium.remote.http.AbstractHttpResponseCodec.decode(AbstractHttpResponseCodec.java:44)
at org.openqa.selenium.remote.HttpCommandExecutor.execute(HttpCommandExecutor.java:158)
at org.openqa.selenium.remote.service.DriverCommandExecutor.execute(DriverCommandExecutor.java:83)
at org.openqa.selenium.remote.RemoteWebDriver.execute(RemoteWebDriver.java:545)
at org.openqa.selenium.remote.RemoteWebDriver.execute(RemoteWebDriver.java:602)
at org.openqa.selenium.remote.RemoteWebDriver.getTitle(RemoteWebDriver.java:277)
at Utils.ActionBot.getTitle(ActionBot.java:209)
at Utils.ActionBot.titleAssert(ActionBot.java:294)
at TestCase.ResourceTest.GlobalOpenCurriculumResources.globalOpenCurriculumResourcesTest(GlobalOpenCurriculumResources.java:25)
at sun.reflect.NativeMethodAccessorImpl.invoke0(Native Method)
at sun.reflect.NativeMethodAccessorImpl.invoke(NativeMethodAccessorImpl.java:62)
at sun.reflect.DelegatingMethodAccessorImpl.invoke(DelegatingMethodAccessorImpl.java:43)
at java.lang.reflect.Method.invoke(Method.java:497)
at org.testng.internal.MethodInvocationHelper.invokeMethod(MethodInvocationHelper.java:124)
at org.testng.internal.Invoker.invokeMethod(Invoker.java:583)
at org.testng.internal.Invoker.invokeTestMethod(Invoker.java:719)
at org.testng.internal.Invoker.invokeTestMethods(Invoker.java:989)
at org.testng.internal.TestMethodWorker.invokeTestMethods(TestMethodWorker.java:125)
at org.testng.internal.TestMethodWorker.run(TestMethodWorker.java:109)
at org.testng.TestRunner.privateRun(TestRunner.java:648)
at org.testng.TestRunner.run(TestRunner.java:505)
at org.testng.SuiteRunner.runTest(SuiteRunner.java:455)
at org.testng.SuiteRunner.runSequentially(SuiteRunner.java:450)
at org.testng.SuiteRunner.privateRun(SuiteRunner.java:415)
at org.testng.SuiteRunner.run(SuiteRunner.java:364)
at org.testng.SuiteRunnerWorker.runSuite(SuiteRunnerWorker.java:52)
at org.testng.SuiteRunnerWorker.run(SuiteRunnerWorker.java:84)
at org.testng.TestNG.runSuitesSequentially(TestNG.java:1208)
at org.testng.TestNG.runSuitesLocally(TestNG.java:1137)
at org.testng.TestNG.runSuites(TestNG.java:1049)
at org.testng.TestNG.run(TestNG.java:1017)
at org.testng.IDEARemoteTestNG.run(IDEARemoteTestNG.java:72)
at org.testng.RemoteTestNGStarter.main(RemoteTestNGStarter.java:123)
]]>
            </full-stacktrace>
          </exception> <!-- org.openqa.selenium.TimeoutException -->
          <reporter-output>
          </reporter-output>
        </test-method> <!-- globalOpenCurriculumResourcesTest -->
        <test-method status="PASS" signature="afterClass()[pri:0, instance:TestCase.ResourceTest.GlobalOpenCurriculumResources@35fb3008]" name="afterClass" is-config="true" duration-ms="758" started-at="2018-05-22T09:38:00Z" finished-at="2018-05-22T09:38:01Z">
          <reporter-output>
          </reporter-output>
        </test-method> <!-- afterClass -->
      </class> <!-- TestCase.ResourceTest.GlobalOpenCurriculumResources -->
      <class name="TestCase.ResourceTest.CharacteristicResources">
        <test-method status="PASS" signature="beforeClass()[pri:0, instance:TestCase.ResourceTest.CharacteristicResources@4909b8da]" name="beforeClass" is-config="true" duration-ms="5060" started-at="2018-05-22T09:35:29Z" finished-at="2018-05-22T09:35:34Z">
          <reporter-output>
          </reporter-output>
        </test-method> <!-- beforeClass -->
        <test-method status="FAIL" signature="characteristicResourcesTest()[pri:0, instance:TestCase.ResourceTest.CharacteristicResources@4909b8da]" name="characteristicResourcesTest" duration-ms="29004" started-at="2018-05-22T09:35:34Z" finished-at="2018-05-22T09:36:03Z">
          <exception class="org.openqa.selenium.TimeoutException">
            <message>
              <![CDATA[timeout
  (Session info: chrome=66.0.3359.181)
  (Driver info: chromedriver=2.38.552522 (437e6fbedfa8762dec75e2c5b3ddb86763dc9dcb),platform=Windows NT 10.0.16299 x86_64) (WARNING: The server did not provide any stacktrace information)
Command duration or timeout: 0 milliseconds
Build info: version: '3.11.0', revision: 'e59cfb3', time: '2018-03-11T20:26:55.152Z'
System info: host: 'DESKTOP-9K58VOG', ip: '10.184.5.128', os.name: 'Windows 10', os.arch: 'amd64', os.version: '10.0', java.version: '1.8.0_73'
Driver info: org.openqa.selenium.chrome.ChromeDriver
Capabilities {acceptInsecureCerts: false, acceptSslCerts: false, applicationCacheEnabled: false, browserConnectionEnabled: false, browserName: chrome, chrome: {chromedriverVersion: 2.38.552522 (437e6fbedfa876..., userDataDir: C:\Users\GoldOil\AppData\Lo...}, cssSelectorsEnabled: true, databaseEnabled: false, handlesAlerts: true, hasTouchScreen: false, javascriptEnabled: true, locationContextEnabled: true, mobileEmulationEnabled: false, nativeEvents: true, networkConnectionEnabled: false, pageLoadStrategy: normal, platform: XP, platformName: XP, rotatable: false, setWindowRect: true, takesHeapSnapshot: true, takesScreenshot: true, unexpectedAlertBehaviour: , unhandledPromptBehavior: , version: 66.0.3359.181, webStorageEnabled: true}
Session ID: 81e1ec4d0444fa6b9b1333f23113c4b2]]>
            </message>
            <full-stacktrace>
              <![CDATA[org.openqa.selenium.TimeoutException: timeout
  (Session info: chrome=66.0.3359.181)
  (Driver info: chromedriver=2.38.552522 (437e6fbedfa8762dec75e2c5b3ddb86763dc9dcb),platform=Windows NT 10.0.16299 x86_64) (WARNING: The server did not provide any stacktrace information)
Command duration or timeout: 0 milliseconds
Build info: version: '3.11.0', revision: 'e59cfb3', time: '2018-03-11T20:26:55.152Z'
System info: host: 'DESKTOP-9K58VOG', ip: '10.184.5.128', os.name: 'Windows 10', os.arch: 'amd64', os.version: '10.0', java.version: '1.8.0_73'
Driver info: org.openqa.selenium.chrome.ChromeDriver
Capabilities {acceptInsecureCerts: false, acceptSslCerts: false, applicationCacheEnabled: false, browserConnectionEnabled: false, browserName: chrome, chrome: {chromedriverVersion: 2.38.552522 (437e6fbedfa876..., userDataDir: C:\Users\GoldOil\AppData\Lo...}, cssSelectorsEnabled: true, databaseEnabled: false, handlesAlerts: true, hasTouchScreen: false, javascriptEnabled: true, locationContextEnabled: true, mobileEmulationEnabled: false, nativeEvents: true, networkConnectionEnabled: false, pageLoadStrategy: normal, platform: XP, platformName: XP, rotatable: false, setWindowRect: true, takesHeapSnapshot: true, takesScreenshot: true, unexpectedAlertBehaviour: , unhandledPromptBehavior: , version: 66.0.3359.181, webStorageEnabled: true}
Session ID: 81e1ec4d0444fa6b9b1333f23113c4b2
at sun.reflect.NativeConstructorAccessorImpl.newInstance0(Native Method)
at sun.reflect.NativeConstructorAccessorImpl.newInstance(NativeConstructorAccessorImpl.java:62)
at sun.reflect.DelegatingConstructorAccessorImpl.newInstance(DelegatingConstructorAccessorImpl.java:45)
at java.lang.reflect.Constructor.newInstance(Constructor.java:422)
at org.openqa.selenium.remote.ErrorHandler.createThrowable(ErrorHandler.java:214)
at org.openqa.selenium.remote.ErrorHandler.throwIfResponseFailed(ErrorHandler.java:166)
at org.openqa.selenium.remote.http.JsonHttpResponseCodec.reconstructValue(JsonHttpResponseCodec.java:40)
at org.openqa.selenium.remote.http.AbstractHttpResponseCodec.decode(AbstractHttpResponseCodec.java:80)
at org.openqa.selenium.remote.http.AbstractHttpResponseCodec.decode(AbstractHttpResponseCodec.java:44)
at org.openqa.selenium.remote.HttpCommandExecutor.execute(HttpCommandExecutor.java:158)
at org.openqa.selenium.remote.service.DriverCommandExecutor.execute(DriverCommandExecutor.java:83)
at org.openqa.selenium.remote.RemoteWebDriver.execute(RemoteWebDriver.java:545)
at org.openqa.selenium.remote.RemoteWebDriver.execute(RemoteWebDriver.java:602)
at org.openqa.selenium.remote.RemoteWebDriver.getTitle(RemoteWebDriver.java:277)
at Utils.ActionBot.getTitle(ActionBot.java:209)
at Utils.ActionBot.titleAssert(ActionBot.java:294)
at TestCase.ResourceTest.CharacteristicResources.characteristicResourcesTest(CharacteristicResources.java:25)
at sun.reflect.NativeMethodAccessorImpl.invoke0(Native Method)
at sun.reflect.NativeMethodAccessorImpl.invoke(NativeMethodAccessorImpl.java:62)
at sun.reflect.DelegatingMethodAccessorImpl.invoke(DelegatingMethodAccessorImpl.java:43)
at java.lang.reflect.Method.invoke(Method.java:497)
at org.testng.internal.MethodInvocationHelper.invokeMethod(MethodInvocationHelper.java:124)
at org.testng.internal.Invoker.invokeMethod(Invoker.java:583)
at org.testng.internal.Invoker.invokeTestMethod(Invoker.java:719)
at org.testng.internal.Invoker.invokeTestMethods(Invoker.java:989)
at org.testng.internal.TestMethodWorker.invokeTestMethods(TestMethodWorker.java:125)
at org.testng.internal.TestMethodWorker.run(TestMethodWorker.java:109)
at org.testng.TestRunner.privateRun(TestRunner.java:648)
at org.testng.TestRunner.run(TestRunner.java:505)
at org.testng.SuiteRunner.runTest(SuiteRunner.java:455)
at org.testng.SuiteRunner.runSequentially(SuiteRunner.java:450)
at org.testng.SuiteRunner.privateRun(SuiteRunner.java:415)
at org.testng.SuiteRunner.run(SuiteRunner.java:364)
at org.testng.SuiteRunnerWorker.runSuite(SuiteRunnerWorker.java:52)
at org.testng.SuiteRunnerWorker.run(SuiteRunnerWorker.java:84)
at org.testng.TestNG.runSuitesSequentially(TestNG.java:1208)
at org.testng.TestNG.runSuitesLocally(TestNG.java:1137)
at org.testng.TestNG.runSuites(TestNG.java:1049)
at org.testng.TestNG.run(TestNG.java:1017)
at org.testng.IDEARemoteTestNG.run(IDEARemoteTestNG.java:72)
at org.testng.RemoteTestNGStarter.main(RemoteTestNGStarter.java:123)
]]>
            </full-stacktrace>
          </exception> <!-- org.openqa.selenium.TimeoutException -->
          <reporter-output>
          </reporter-output>
        </test-method> <!-- characteristicResourcesTest -->
        <test-method status="PASS" signature="afterClass()[pri:0, instance:TestCase.ResourceTest.CharacteristicResources@4909b8da]" name="afterClass" is-config="true" duration-ms="730" started-at="2018-05-22T09:36:03Z" finished-at="2018-05-22T09:36:04Z">
          <reporter-output>
          </reporter-output>
        </test-method> <!-- afterClass -->
      </class> <!-- TestCase.ResourceTest.CharacteristicResources -->
      <class name="TestCase.ResourceTest.ChineseYearbook">
        <test-method status="PASS" signature="beforeClass()[pri:0, instance:TestCase.ResourceTest.ChineseYearbook@67b6d4ae]" name="beforeClass" is-config="true" duration-ms="2310" started-at="2018-05-22T09:36:42Z" finished-at="2018-05-22T09:36:45Z">
          <reporter-output>
          </reporter-output>
        </test-method> <!-- beforeClass -->
        <test-method status="FAIL" signature="chineseYearbookTest()[pri:0, instance:TestCase.ResourceTest.ChineseYearbook@67b6d4ae]" name="chineseYearbookTest" duration-ms="20868" started-at="2018-05-22T09:36:45Z" finished-at="2018-05-22T09:37:05Z">
          <exception class="org.openqa.selenium.TimeoutException">
            <message>
              <![CDATA[timeout
  (Session info: chrome=66.0.3359.181)
  (Driver info: chromedriver=2.38.552522 (437e6fbedfa8762dec75e2c5b3ddb86763dc9dcb),platform=Windows NT 10.0.16299 x86_64) (WARNING: The server did not provide any stacktrace information)
Command duration or timeout: 0 milliseconds
Build info: version: '3.11.0', revision: 'e59cfb3', time: '2018-03-11T20:26:55.152Z'
System info: host: 'DESKTOP-9K58VOG', ip: '10.184.5.128', os.name: 'Windows 10', os.arch: 'amd64', os.version: '10.0', java.version: '1.8.0_73'
Driver info: org.openqa.selenium.chrome.ChromeDriver
Capabilities {acceptInsecureCerts: false, acceptSslCerts: false, applicationCacheEnabled: false, browserConnectionEnabled: false, browserName: chrome, chrome: {chromedriverVersion: 2.38.552522 (437e6fbedfa876..., userDataDir: C:\Users\GoldOil\AppData\Lo...}, cssSelectorsEnabled: true, databaseEnabled: false, handlesAlerts: true, hasTouchScreen: false, javascriptEnabled: true, locationContextEnabled: true, mobileEmulationEnabled: false, nativeEvents: true, networkConnectionEnabled: false, pageLoadStrategy: normal, platform: XP, platformName: XP, rotatable: false, setWindowRect: true, takesHeapSnapshot: true, takesScreenshot: true, unexpectedAlertBehaviour: , unhandledPromptBehavior: , version: 66.0.3359.181, webStorageEnabled: true}
Session ID: 5b4da08ca70193a1e31c8c52766d3b6d]]>
            </message>
            <full-stacktrace>
              <![CDATA[org.openqa.selenium.TimeoutException: timeout
  (Session info: chrome=66.0.3359.181)
  (Driver info: chromedriver=2.38.552522 (437e6fbedfa8762dec75e2c5b3ddb86763dc9dcb),platform=Windows NT 10.0.16299 x86_64) (WARNING: The server did not provide any stacktrace information)
Command duration or timeout: 0 milliseconds
Build info: version: '3.11.0', revision: 'e59cfb3', time: '2018-03-11T20:26:55.152Z'
System info: host: 'DESKTOP-9K58VOG', ip: '10.184.5.128', os.name: 'Windows 10', os.arch: 'amd64', os.version: '10.0', java.version: '1.8.0_73'
Driver info: org.openqa.selenium.chrome.ChromeDriver
Capabilities {acceptInsecureCerts: false, acceptSslCerts: false, applicationCacheEnabled: false, browserConnectionEnabled: false, browserName: chrome, chrome: {chromedriverVersion: 2.38.552522 (437e6fbedfa876..., userDataDir: C:\Users\GoldOil\AppData\Lo...}, cssSelectorsEnabled: true, databaseEnabled: false, handlesAlerts: true, hasTouchScreen: false, javascriptEnabled: true, locationContextEnabled: true, mobileEmulationEnabled: false, nativeEvents: true, networkConnectionEnabled: false, pageLoadStrategy: normal, platform: XP, platformName: XP, rotatable: false, setWindowRect: true, takesHeapSnapshot: true, takesScreenshot: true, unexpectedAlertBehaviour: , unhandledPromptBehavior: , version: 66.0.3359.181, webStorageEnabled: true}
Session ID: 5b4da08ca70193a1e31c8c52766d3b6d
at sun.reflect.NativeConstructorAccessorImpl.newInstance0(Native Method)
at sun.reflect.NativeConstructorAccessorImpl.newInstance(NativeConstructorAccessorImpl.java:62)
at sun.reflect.DelegatingConstructorAccessorImpl.newInstance(DelegatingConstructorAccessorImpl.java:45)
at java.lang.reflect.Constructor.newInstance(Constructor.java:422)
at org.openqa.selenium.remote.ErrorHandler.createThrowable(ErrorHandler.java:214)
at org.openqa.selenium.remote.ErrorHandler.throwIfResponseFailed(ErrorHandler.java:166)
at org.openqa.selenium.remote.http.JsonHttpResponseCodec.reconstructValue(JsonHttpResponseCodec.java:40)
at org.openqa.selenium.remote.http.AbstractHttpResponseCodec.decode(AbstractHttpResponseCodec.java:80)
at org.openqa.selenium.remote.http.AbstractHttpResponseCodec.decode(AbstractHttpResponseCodec.java:44)
at org.openqa.selenium.remote.HttpCommandExecutor.execute(HttpCommandExecutor.java:158)
at org.openqa.selenium.remote.service.DriverCommandExecutor.execute(DriverCommandExecutor.java:83)
at org.openqa.selenium.remote.RemoteWebDriver.execute(RemoteWebDriver.java:545)
at org.openqa.selenium.remote.RemoteWebDriver.execute(RemoteWebDriver.java:602)
at org.openqa.selenium.remote.RemoteWebDriver.getTitle(RemoteWebDriver.java:277)
at Utils.ActionBot.getTitle(ActionBot.java:209)
at Utils.ActionBot.titleAssert(ActionBot.java:294)
at TestCase.ResourceTest.ChineseYearbook.chineseYearbookTest(ChineseYearbook.java:25)
at sun.reflect.NativeMethodAccessorImpl.invoke0(Native Method)
at sun.reflect.NativeMethodAccessorImpl.invoke(NativeMethodAccessorImpl.java:62)
at sun.reflect.DelegatingMethodAccessorImpl.invoke(DelegatingMethodAccessorImpl.java:43)
at java.lang.reflect.Method.invoke(Method.java:497)
at org.testng.internal.MethodInvocationHelper.invokeMethod(MethodInvocationHelper.java:124)
at org.testng.internal.Invoker.invokeMethod(Invoker.java:583)
at org.testng.internal.Invoker.invokeTestMethod(Invoker.java:719)
at org.testng.internal.Invoker.invokeTestMethods(Invoker.java:989)
at org.testng.internal.TestMethodWorker.invokeTestMethods(TestMethodWorker.java:125)
at org.testng.internal.TestMethodWorker.run(TestMethodWorker.java:109)
at org.testng.TestRunner.privateRun(TestRunner.java:648)
at org.testng.TestRunner.run(TestRunner.java:505)
at org.testng.SuiteRunner.runTest(SuiteRunner.java:455)
at org.testng.SuiteRunner.runSequentially(SuiteRunner.java:450)
at org.testng.SuiteRunner.privateRun(SuiteRunner.java:415)
at org.testng.SuiteRunner.run(SuiteRunner.java:364)
at org.testng.SuiteRunnerWorker.runSuite(SuiteRunnerWorker.java:52)
at org.testng.SuiteRunnerWorker.run(SuiteRunnerWorker.java:84)
at org.testng.TestNG.runSuitesSequentially(TestNG.java:1208)
at org.testng.TestNG.runSuitesLocally(TestNG.java:1137)
at org.testng.TestNG.runSuites(TestNG.java:1049)
at org.testng.TestNG.run(TestNG.java:1017)
at org.testng.IDEARemoteTestNG.run(IDEARemoteTestNG.java:72)
at org.testng.RemoteTestNGStarter.main(RemoteTestNGStarter.java:123)
]]>
            </full-stacktrace>
          </exception> <!-- org.openqa.selenium.TimeoutException -->
          <reporter-output>
          </reporter-output>
        </test-method> <!-- chineseYearbookTest -->
        <test-method status="PASS" signature="afterClass()[pri:0, instance:TestCase.ResourceTest.ChineseYearbook@67b6d4ae]" name="afterClass" is-config="true" duration-ms="745" started-at="2018-05-22T09:37:05Z" finished-at="2018-05-22T09:37:06Z">
          <reporter-output>
          </reporter-output>
        </test-method> <!-- afterClass -->
      </class> <!-- TestCase.ResourceTest.ChineseYearbook -->
      <class name="TestCase.ResourceTest.ChineseNumericValueOrFact">
        <test-method status="PASS" signature="beforeClass()[pri:0, instance:TestCase.ResourceTest.ChineseNumericValueOrFact@2d3fcdbd]" name="beforeClass" is-config="true" duration-ms="2371" started-at="2018-05-22T09:36:26Z" finished-at="2018-05-22T09:36:29Z">
          <reporter-output>
          </reporter-output>
        </test-method> <!-- beforeClass -->
        <test-method status="PASS" signature="chineseNumericValueOrFactTest()[pri:0, instance:TestCase.ResourceTest.ChineseNumericValueOrFact@2d3fcdbd]" name="chineseNumericValueOrFactTest" duration-ms="2430" started-at="2018-05-22T09:36:29Z" finished-at="2018-05-22T09:36:31Z">
          <reporter-output>
          </reporter-output>
        </test-method> <!-- chineseNumericValueOrFactTest -->
        <test-method status="PASS" signature="afterClass()[pri:0, instance:TestCase.ResourceTest.ChineseNumericValueOrFact@2d3fcdbd]" name="afterClass" is-config="true" duration-ms="765" started-at="2018-05-22T09:36:31Z" finished-at="2018-05-22T09:36:32Z">
          <reporter-output>
          </reporter-output>
        </test-method> <!-- afterClass -->
      </class> <!-- TestCase.ResourceTest.ChineseNumericValueOrFact -->
      <class name="TestCase.ResourceTest.FreeResources">
        <test-method status="PASS" signature="beforeClass()[pri:0, instance:TestCase.ResourceTest.FreeResources@3cbbc1e0]" name="beforeClass" is-config="true" duration-ms="2228" started-at="2018-05-22T09:37:31Z" finished-at="2018-05-22T09:37:33Z">
          <reporter-output>
          </reporter-output>
        </test-method> <!-- beforeClass -->
        <test-method status="PASS" signature="freeResourcesTest()[pri:0, instance:TestCase.ResourceTest.FreeResources@3cbbc1e0]" name="freeResourcesTest" duration-ms="2380" started-at="2018-05-22T09:37:33Z" finished-at="2018-05-22T09:37:36Z">
          <reporter-output>
          </reporter-output>
        </test-method> <!-- freeResourcesTest -->
        <test-method status="PASS" signature="afterClass()[pri:0, instance:TestCase.ResourceTest.FreeResources@3cbbc1e0]" name="afterClass" is-config="true" duration-ms="772" started-at="2018-05-22T09:37:36Z" finished-at="2018-05-22T09:37:36Z">
          <reporter-output>
          </reporter-output>
        </test-method> <!-- afterClass -->
      </class> <!-- TestCase.ResourceTest.FreeResources -->
      <class name="TestCase.ResourceTest.ForeignElectronicPeriodicals">
        <test-method status="PASS" signature="beforeClass()[pri:0, instance:TestCase.ResourceTest.ForeignElectronicPeriodicals@6df97b55]" name="beforeClass" is-config="true" duration-ms="2528" started-at="2018-05-22T09:37:25Z" finished-at="2018-05-22T09:37:27Z">
          <reporter-output>
          </reporter-output>
        </test-method> <!-- beforeClass -->
        <test-method status="PASS" signature="foreignElectronicPeriodicalsTest()[pri:0, instance:TestCase.ResourceTest.ForeignElectronicPeriodicals@6df97b55]" name="foreignElectronicPeriodicalsTest" duration-ms="3195" started-at="2018-05-22T09:37:27Z" finished-at="2018-05-22T09:37:30Z">
          <reporter-output>
          </reporter-output>
        </test-method> <!-- foreignElectronicPeriodicalsTest -->
        <test-method status="PASS" signature="afterClass()[pri:0, instance:TestCase.ResourceTest.ForeignElectronicPeriodicals@6df97b55]" name="afterClass" is-config="true" duration-ms="743" started-at="2018-05-22T09:37:30Z" finished-at="2018-05-22T09:37:31Z">
          <reporter-output>
          </reporter-output>
        </test-method> <!-- afterClass -->
      </class> <!-- TestCase.ResourceTest.ForeignElectronicPeriodicals -->
    </test> <!-- ResourceTest -->
    <test name="ServiceTest" duration-ms="96216" started-at="2018-05-22T09:38:11Z" finished-at="2018-05-22T09:39:48Z">
      <class name="TestCase.ServiceTest.PatentService">
        <test-method status="PASS" signature="beforeClass()[pri:0, instance:TestCase.ServiceTest.PatentService@153f5a29]" name="beforeClass" is-config="true" duration-ms="10019" started-at="2018-05-22T09:38:48Z" finished-at="2018-05-22T09:38:58Z">
          <reporter-output>
          </reporter-output>
        </test-method> <!-- beforeClass -->
        <test-method status="PASS" signature="patentServicekTest()[pri:0, instance:TestCase.ServiceTest.PatentService@153f5a29]" name="patentServicekTest" duration-ms="1744" started-at="2018-05-22T09:38:58Z" finished-at="2018-05-22T09:39:00Z">
          <reporter-output>
          </reporter-output>
        </test-method> <!-- patentServicekTest -->
        <test-method status="PASS" signature="afterClass()[pri:0, instance:TestCase.ServiceTest.PatentService@153f5a29]" name="afterClass" is-config="true" duration-ms="758" started-at="2018-05-22T09:39:00Z" finished-at="2018-05-22T09:39:00Z">
          <reporter-output>
          </reporter-output>
        </test-method> <!-- afterClass -->
      </class> <!-- TestCase.ServiceTest.PatentService -->
      <class name="TestCase.ServiceTest.SubjectService">
        <test-method status="PASS" signature="beforeClass()[pri:0, instance:TestCase.ServiceTest.SubjectService@7ca48474]" name="beforeClass" is-config="true" duration-ms="2610" started-at="2018-05-22T09:39:20Z" finished-at="2018-05-22T09:39:22Z">
          <reporter-output>
          </reporter-output>
        </test-method> <!-- beforeClass -->
        <test-method status="PASS" signature="subjectServiceTest()[pri:0, instance:TestCase.ServiceTest.SubjectService@7ca48474]" name="subjectServiceTest" duration-ms="10841" started-at="2018-05-22T09:39:22Z" finished-at="2018-05-22T09:39:33Z">
          <reporter-output>
          </reporter-output>
        </test-method> <!-- subjectServiceTest -->
        <test-method status="PASS" signature="afterClass()[pri:0, instance:TestCase.ServiceTest.SubjectService@7ca48474]" name="afterClass" is-config="true" duration-ms="804" started-at="2018-05-22T09:39:33Z" finished-at="2018-05-22T09:39:34Z">
          <reporter-output>
          </reporter-output>
        </test-method> <!-- afterClass -->
      </class> <!-- TestCase.ServiceTest.SubjectService -->
      <class name="TestCase.ServiceTest.QuestionAnswer">
        <test-method status="PASS" signature="beforeClass()[pri:0, instance:TestCase.ServiceTest.QuestionAnswer@7f560810]" name="beforeClass" is-config="true" duration-ms="2228" started-at="2018-05-22T09:39:00Z" finished-at="2018-05-22T09:39:03Z">
          <reporter-output>
          </reporter-output>
        </test-method> <!-- beforeClass -->
        <test-method status="PASS" signature="questionAnswerTest()[pri:0, instance:TestCase.ServiceTest.QuestionAnswer@7f560810]" name="questionAnswerTest" duration-ms="1443" started-at="2018-05-22T09:39:03Z" finished-at="2018-05-22T09:39:04Z">
          <reporter-output>
          </reporter-output>
        </test-method> <!-- questionAnswerTest -->
        <test-method status="PASS" signature="afterClass()[pri:0, instance:TestCase.ServiceTest.QuestionAnswer@7f560810]" name="afterClass" is-config="true" duration-ms="729" started-at="2018-05-22T09:39:04Z" finished-at="2018-05-22T09:39:05Z">
          <reporter-output>
          </reporter-output>
        </test-method> <!-- afterClass -->
      </class> <!-- TestCase.ServiceTest.QuestionAnswer -->
      <class name="TestCase.ServiceTest.CheckAndCheck">
        <test-method status="PASS" signature="beforeClass()[pri:0, instance:TestCase.ServiceTest.CheckAndCheck@12843fce]" name="beforeClass" is-config="true" duration-ms="10116" started-at="2018-05-22T09:38:11Z" finished-at="2018-05-22T09:38:21Z">
          <reporter-output>
          </reporter-output>
        </test-method> <!-- beforeClass -->
        <test-method status="PASS" signature="checkAndCheckTest()[pri:0, instance:TestCase.ServiceTest.CheckAndCheck@12843fce]" name="checkAndCheckTest" duration-ms="1717" started-at="2018-05-22T09:38:21Z" finished-at="2018-05-22T09:38:23Z">
          <reporter-output>
          </reporter-output>
        </test-method> <!-- checkAndCheckTest -->
        <test-method status="PASS" signature="afterClass()[pri:0, instance:TestCase.ServiceTest.CheckAndCheck@12843fce]" name="afterClass" is-config="true" duration-ms="792" started-at="2018-05-22T09:38:23Z" finished-at="2018-05-22T09:38:24Z">
          <reporter-output>
          </reporter-output>
        </test-method> <!-- afterClass -->
      </class> <!-- TestCase.ServiceTest.CheckAndCheck -->
      <class name="TestCase.ServiceTest.ReservationService">
        <test-method status="PASS" signature="beforeClass()[pri:0, instance:TestCase.ServiceTest.ReservationService@13a57a3b]" name="beforeClass" is-config="true" duration-ms="2339" started-at="2018-05-22T09:39:14Z" finished-at="2018-05-22T09:39:16Z">
          <reporter-output>
          </reporter-output>
        </test-method> <!-- beforeClass -->
        <test-method status="PASS" signature="reservationServiceTest()[pri:0, instance:TestCase.ServiceTest.ReservationService@13a57a3b]" name="reservationServiceTest" duration-ms="3001" started-at="2018-05-22T09:39:16Z" finished-at="2018-05-22T09:39:19Z">
          <reporter-output>
          </reporter-output>
        </test-method> <!-- reservationServiceTest -->
        <test-method status="PASS" signature="afterClass()[pri:0, instance:TestCase.ServiceTest.ReservationService@13a57a3b]" name="afterClass" is-config="true" duration-ms="768" started-at="2018-05-22T09:39:19Z" finished-at="2018-05-22T09:39:20Z">
          <reporter-output>
          </reporter-output>
        </test-method> <!-- afterClass -->
      </class> <!-- TestCase.ServiceTest.ReservationService -->
      <class name="TestCase.ServiceTest.ReaderService">
        <test-method status="PASS" signature="beforeClass()[pri:0, instance:TestCase.ServiceTest.ReaderService@69d9c55]" name="beforeClass" is-config="true" duration-ms="2660" started-at="2018-05-22T09:39:05Z" finished-at="2018-05-22T09:39:07Z">
          <reporter-output>
          </reporter-output>
        </test-method> <!-- beforeClass -->
        <test-method status="PASS" signature="readerServiceTest()[pri:0, instance:TestCase.ServiceTest.ReaderService@69d9c55]" name="readerServiceTest" duration-ms="5616" started-at="2018-05-22T09:39:07Z" finished-at="2018-05-22T09:39:13Z">
          <reporter-output>
          </reporter-output>
        </test-method> <!-- readerServiceTest -->
        <test-method status="PASS" signature="afterClass()[pri:0, instance:TestCase.ServiceTest.ReaderService@69d9c55]" name="afterClass" is-config="true" duration-ms="750" started-at="2018-05-22T09:39:13Z" finished-at="2018-05-22T09:39:14Z">
          <reporter-output>
          </reporter-output>
        </test-method> <!-- afterClass -->
      </class> <!-- TestCase.ServiceTest.ReaderService -->
      <class name="TestCase.ServiceTest.TeachingAndTraining">
        <test-method status="PASS" signature="beforeClass()[pri:0, instance:TestCase.ServiceTest.TeachingAndTraining@337d0578]" name="beforeClass" is-config="true" duration-ms="2626" started-at="2018-05-22T09:39:34Z" finished-at="2018-05-22T09:39:37Z">
          <reporter-output>
          </reporter-output>
        </test-method> <!-- beforeClass -->
        <test-method status="FAIL" signature="teachingAndTrainingTest()[pri:0, instance:TestCase.ServiceTest.TeachingAndTraining@337d0578]" name="teachingAndTrainingTest" duration-ms="10105" started-at="2018-05-22T09:39:37Z" finished-at="2018-05-22T09:39:47Z">
          <exception class="org.openqa.selenium.NoSuchElementException">
            <message>
              <![CDATA[no such element: Unable to locate element: {"method":"xpath","selector":"/html/body/div[3]/div[3]/div[2]/a[8]/img"}
  (Session info: chrome=66.0.3359.181)
  (Driver info: chromedriver=2.38.552522 (437e6fbedfa8762dec75e2c5b3ddb86763dc9dcb),platform=Windows NT 10.0.16299 x86_64) (WARNING: The server did not provide any stacktrace information)
Command duration or timeout: 0 milliseconds
For documentation on this error, please visit: http://seleniumhq.org/exceptions/no_such_element.html
Build info: version: '3.11.0', revision: 'e59cfb3', time: '2018-03-11T20:26:55.152Z'
System info: host: 'DESKTOP-9K58VOG', ip: '10.184.5.128', os.name: 'Windows 10', os.arch: 'amd64', os.version: '10.0', java.version: '1.8.0_73'
Driver info: org.openqa.selenium.chrome.ChromeDriver
Capabilities {acceptInsecureCerts: false, acceptSslCerts: false, applicationCacheEnabled: false, browserConnectionEnabled: false, browserName: chrome, chrome: {chromedriverVersion: 2.38.552522 (437e6fbedfa876..., userDataDir: C:\Users\GoldOil\AppData\Lo...}, cssSelectorsEnabled: true, databaseEnabled: false, handlesAlerts: true, hasTouchScreen: false, javascriptEnabled: true, locationContextEnabled: true, mobileEmulationEnabled: false, nativeEvents: true, networkConnectionEnabled: false, pageLoadStrategy: normal, platform: XP, platformName: XP, rotatable: false, setWindowRect: true, takesHeapSnapshot: true, takesScreenshot: true, unexpectedAlertBehaviour: , unhandledPromptBehavior: , version: 66.0.3359.181, webStorageEnabled: true}
Session ID: 0a56a5797e2fd1a5c34c41c4f4915790
*** Element info: {Using=xpath, value=/html/body/div[3]/div[3]/div[2]/a[8]/img}]]>
            </message>
            <full-stacktrace>
              <![CDATA[org.openqa.selenium.NoSuchElementException: no such element: Unable to locate element: {"method":"xpath","selector":"/html/body/div[3]/div[3]/div[2]/a[8]/img"}
  (Session info: chrome=66.0.3359.181)
  (Driver info: chromedriver=2.38.552522 (437e6fbedfa8762dec75e2c5b3ddb86763dc9dcb),platform=Windows NT 10.0.16299 x86_64) (WARNING: The server did not provide any stacktrace information)
Command duration or timeout: 0 milliseconds
For documentation on this error, please visit: http://seleniumhq.org/exceptions/no_such_element.html
Build info: version: '3.11.0', revision: 'e59cfb3', time: '2018-03-11T20:26:55.152Z'
System info: host: 'DESKTOP-9K58VOG', ip: '10.184.5.128', os.name: 'Windows 10', os.arch: 'amd64', os.version: '10.0', java.version: '1.8.0_73'
Driver info: org.openqa.selenium.chrome.ChromeDriver
Capabilities {acceptInsecureCerts: false, acceptSslCerts: false, applicationCacheEnabled: false, browserConnectionEnabled: false, browserName: chrome, chrome: {chromedriverVersion: 2.38.552522 (437e6fbedfa876..., userDataDir: C:\Users\GoldOil\AppData\Lo...}, cssSelectorsEnabled: true, databaseEnabled: false, handlesAlerts: true, hasTouchScreen: false, javascriptEnabled: true, locationContextEnabled: true, mobileEmulationEnabled: false, nativeEvents: true, networkConnectionEnabled: false, pageLoadStrategy: normal, platform: XP, platformName: XP, rotatable: false, setWindowRect: true, takesHeapSnapshot: true, takesScreenshot: true, unexpectedAlertBehaviour: , unhandledPromptBehavior: , version: 66.0.3359.181, webStorageEnabled: true}
Session ID: 0a56a5797e2fd1a5c34c41c4f4915790
*** Element info: {Using=xpath, value=/html/body/div[3]/div[3]/div[2]/a[8]/img}
at sun.reflect.NativeConstructorAccessorImpl.newInstance0(Native Method)
at sun.reflect.NativeConstructorAccessorImpl.newInstance(NativeConstructorAccessorImpl.java:62)
at sun.reflect.DelegatingConstructorAccessorImpl.newInstance(DelegatingConstructorAccessorImpl.java:45)
at java.lang.reflect.Constructor.newInstance(Constructor.java:422)
at org.openqa.selenium.remote.ErrorHandler.createThrowable(ErrorHandler.java:214)
at org.openqa.selenium.remote.ErrorHandler.throwIfResponseFailed(ErrorHandler.java:166)
at org.openqa.selenium.remote.http.JsonHttpResponseCodec.reconstructValue(JsonHttpResponseCodec.java:40)
at org.openqa.selenium.remote.http.AbstractHttpResponseCodec.decode(AbstractHttpResponseCodec.java:80)
at org.openqa.selenium.remote.http.AbstractHttpResponseCodec.decode(AbstractHttpResponseCodec.java:44)
at org.openqa.selenium.remote.HttpCommandExecutor.execute(HttpCommandExecutor.java:158)
at org.openqa.selenium.remote.service.DriverCommandExecutor.execute(DriverCommandExecutor.java:83)
at org.openqa.selenium.remote.RemoteWebDriver.execute(RemoteWebDriver.java:545)
at org.openqa.selenium.remote.RemoteWebDriver.findElement(RemoteWebDriver.java:319)
at org.openqa.selenium.remote.RemoteWebDriver.findElementByXPath(RemoteWebDriver.java:421)
at org.openqa.selenium.By$ByXPath.findElement(By.java:361)
at org.openqa.selenium.remote.RemoteWebDriver.findElement(RemoteWebDriver.java:311)
at Utils.ActionBot.findElemetnByXpath(ActionBot.java:58)
at Utils.ActionBot.clickByXpath(ActionBot.java:118)
at PageObject.ServicePage.goTeachingAndTraining(ServicePage.java:60)
at TestCase.ServiceTest.TeachingAndTraining.teachingAndTrainingTest(TeachingAndTraining.java:23)
at sun.reflect.NativeMethodAccessorImpl.invoke0(Native Method)
at sun.reflect.NativeMethodAccessorImpl.invoke(NativeMethodAccessorImpl.java:62)
at sun.reflect.DelegatingMethodAccessorImpl.invoke(DelegatingMethodAccessorImpl.java:43)
at java.lang.reflect.Method.invoke(Method.java:497)
at org.testng.internal.MethodInvocationHelper.invokeMethod(MethodInvocationHelper.java:124)
at org.testng.internal.Invoker.invokeMethod(Invoker.java:583)
at org.testng.internal.Invoker.invokeTestMethod(Invoker.java:719)
at org.testng.internal.Invoker.invokeTestMethods(Invoker.java:989)
at org.testng.internal.TestMethodWorker.invokeTestMethods(TestMethodWorker.java:125)
at org.testng.internal.TestMethodWorker.run(TestMethodWorker.java:109)
at org.testng.TestRunner.privateRun(TestRunner.java:648)
at org.testng.TestRunner.run(TestRunner.java:505)
at org.testng.SuiteRunner.runTest(SuiteRunner.java:455)
at org.testng.SuiteRunner.runSequentially(SuiteRunner.java:450)
at org.testng.SuiteRunner.privateRun(SuiteRunner.java:415)
at org.testng.SuiteRunner.run(SuiteRunner.java:364)
at org.testng.SuiteRunnerWorker.runSuite(SuiteRunnerWorker.java:52)
at org.testng.SuiteRunnerWorker.run(SuiteRunnerWorker.java:84)
at org.testng.TestNG.runSuitesSequentially(TestNG.java:1208)
at org.testng.TestNG.runSuitesLocally(TestNG.java:1137)
at org.testng.TestNG.runSuites(TestNG.java:1049)
at org.testng.TestNG.run(TestNG.java:1017)
at org.testng.IDEARemoteTestNG.run(IDEARemoteTestNG.java:72)
at org.testng.RemoteTestNGStarter.main(RemoteTestNGStarter.java:123)
]]>
            </full-stacktrace>
          </exception> <!-- org.openqa.selenium.NoSuchElementException -->
          <reporter-output>
          </reporter-output>
        </test-method> <!-- teachingAndTrainingTest -->
        <test-method status="PASS" signature="afterClass()[pri:0, instance:TestCase.ServiceTest.TeachingAndTraining@337d0578]" name="afterClass" is-config="true" duration-ms="750" started-at="2018-05-22T09:39:47Z" finished-at="2018-05-22T09:39:48Z">
          <reporter-output>
          </reporter-output>
        </test-method> <!-- afterClass -->
      </class> <!-- TestCase.ServiceTest.TeachingAndTraining -->
      <class name="TestCase.ServiceTest.NoveltySearch">
        <test-method status="PASS" signature="beforeClass()[pri:0, instance:TestCase.ServiceTest.NoveltySearch@26f67b76]" name="beforeClass" is-config="true" duration-ms="10244" started-at="2018-05-22T09:38:35Z" finished-at="2018-05-22T09:38:45Z">
          <reporter-output>
          </reporter-output>
        </test-method> <!-- beforeClass -->
        <test-method status="PASS" signature="noveltySearchTest()[pri:0, instance:TestCase.ServiceTest.NoveltySearch@26f67b76]" name="noveltySearchTest" duration-ms="1741" started-at="2018-05-22T09:38:45Z" finished-at="2018-05-22T09:38:47Z">
          <reporter-output>
          </reporter-output>
        </test-method> <!-- noveltySearchTest -->
        <test-method status="PASS" signature="afterClass()[pri:0, instance:TestCase.ServiceTest.NoveltySearch@26f67b76]" name="afterClass" is-config="true" duration-ms="729" started-at="2018-05-22T09:38:47Z" finished-at="2018-05-22T09:38:48Z">
          <reporter-output>
          </reporter-output>
        </test-method> <!-- afterClass -->
      </class> <!-- TestCase.ServiceTest.NoveltySearch -->
      <class name="TestCase.ServiceTest.InformationService">
        <test-method status="PASS" signature="beforeClass()[pri:0, instance:TestCase.ServiceTest.InformationService@97e1986]" name="beforeClass" is-config="true" duration-ms="2407" started-at="2018-05-22T09:38:29Z" finished-at="2018-05-22T09:38:31Z">
          <reporter-output>
          </reporter-output>
        </test-method> <!-- beforeClass -->
        <test-method status="PASS" signature="informationServiceTest()[pri:0, instance:TestCase.ServiceTest.InformationService@97e1986]" name="informationServiceTest" duration-ms="3416" started-at="2018-05-22T09:38:31Z" finished-at="2018-05-22T09:38:34Z">
          <reporter-output>
          </reporter-output>
        </test-method> <!-- informationServiceTest -->
        <test-method status="PASS" signature="afterClass()[pri:0, instance:TestCase.ServiceTest.InformationService@97e1986]" name="afterClass" is-config="true" duration-ms="743" started-at="2018-05-22T09:38:34Z" finished-at="2018-05-22T09:38:35Z">
          <reporter-output>
          </reporter-output>
        </test-method> <!-- afterClass -->
      </class> <!-- TestCase.ServiceTest.InformationService -->
      <class name="TestCase.ServiceTest.DocumentDelivery">
        <test-method status="PASS" signature="beforeClass()[pri:0, instance:TestCase.ServiceTest.DocumentDelivery@3dd3bcd]" name="beforeClass" is-config="true" duration-ms="2326" started-at="2018-05-22T09:38:24Z" finished-at="2018-05-22T09:38:26Z">
          <reporter-output>
          </reporter-output>
        </test-method> <!-- beforeClass -->
        <test-method status="PASS" signature="documentDeliveryTest()[pri:0, instance:TestCase.ServiceTest.DocumentDelivery@3dd3bcd]" name="documentDeliveryTest" duration-ms="1419" started-at="2018-05-22T09:38:26Z" finished-at="2018-05-22T09:38:28Z">
          <reporter-output>
          </reporter-output>
        </test-method> <!-- documentDeliveryTest -->
        <test-method status="PASS" signature="afterClass()[pri:0, instance:TestCase.ServiceTest.DocumentDelivery@3dd3bcd]" name="afterClass" is-config="true" duration-ms="757" started-at="2018-05-22T09:38:28Z" finished-at="2018-05-22T09:38:29Z">
          <reporter-output>
          </reporter-output>
        </test-method> <!-- afterClass -->
      </class> <!-- TestCase.ServiceTest.DocumentDelivery -->
    </test> <!-- ServiceTest -->
  </suite> <!-- AutomatedTestingFrameworkOfLibrary -->
</testng-results>
